mode: set
github.com/johan-st/sqlite-tui/internal/access/context.go:35.68,37.2 1 0
github.com/johan-st/sqlite-tui/internal/access/context.go:40.61,43.2 2 0
github.com/johan-st/sqlite-tui/internal/access/context.go:46.77,48.2 1 0
github.com/johan-st/sqlite-tui/internal/access/context.go:51.67,54.2 2 0
github.com/johan-st/sqlite-tui/internal/access/context.go:57.66,59.2 1 0
github.com/johan-st/sqlite-tui/internal/access/context.go:62.58,65.2 2 0
github.com/johan-st/sqlite-tui/internal/access/context.go:68.41,69.14 1 0
github.com/johan-st/sqlite-tui/internal/access/context.go:69.14,71.3 1 0
github.com/johan-st/sqlite-tui/internal/access/context.go:72.2,72.19 1 0
github.com/johan-st/sqlite-tui/internal/access/context.go:72.19,74.3 1 0
github.com/johan-st/sqlite-tui/internal/access/context.go:75.2,75.15 1 0
github.com/johan-st/sqlite-tui/internal/access/level.go:21.32,22.11 1 1
github.com/johan-st/sqlite-tui/internal/access/level.go:23.12,24.16 1 1
github.com/johan-st/sqlite-tui/internal/access/level.go:25.16,26.21 1 1
github.com/johan-st/sqlite-tui/internal/access/level.go:27.17,28.22 1 1
github.com/johan-st/sqlite-tui/internal/access/level.go:29.13,30.17 1 1
github.com/johan-st/sqlite-tui/internal/access/level.go:31.10,32.19 1 0
github.com/johan-st/sqlite-tui/internal/access/level.go:37.33,38.47 1 0
github.com/johan-st/sqlite-tui/internal/access/level.go:39.27,40.14 1 0
github.com/johan-st/sqlite-tui/internal/access/level.go:41.37,42.18 1 0
github.com/johan-st/sqlite-tui/internal/access/level.go:43.39,44.19 1 0
github.com/johan-st/sqlite-tui/internal/access/level.go:45.15,46.15 1 0
github.com/johan-st/sqlite-tui/internal/access/level.go:47.10,48.14 1 0
github.com/johan-st/sqlite-tui/internal/access/level.go:53.31,55.2 1 1
github.com/johan-st/sqlite-tui/internal/access/level.go:58.32,60.2 1 1
github.com/johan-st/sqlite-tui/internal/access/level.go:63.32,65.2 1 1
github.com/johan-st/sqlite-tui/internal/access/level.go:69.35,71.2 1 1
github.com/johan-st/sqlite-tui/internal/access/resolver.go:32.30,39.2 1 1
github.com/johan-st/sqlite-tui/internal/access/resolver.go:42.52,44.2 1 1
github.com/johan-st/sqlite-tui/internal/access/resolver.go:47.46,49.2 1 1
github.com/johan-st/sqlite-tui/internal/access/resolver.go:52.63,54.2 1 1
github.com/johan-st/sqlite-tui/internal/access/resolver.go:57.71,59.2 1 1
github.com/johan-st/sqlite-tui/internal/access/resolver.go:63.74,65.33 1 1
github.com/johan-st/sqlite-tui/internal/access/resolver.go:65.33,67.3 1 1
github.com/johan-st/sqlite-tui/internal/access/resolver.go:68.2,68.61 1 1
github.com/johan-st/sqlite-tui/internal/access/resolver.go:68.61,70.3 1 1
github.com/johan-st/sqlite-tui/internal/access/resolver.go:73.2,73.38 1 1
github.com/johan-st/sqlite-tui/internal/access/resolver.go:73.38,74.46 1 1
github.com/johan-st/sqlite-tui/internal/access/resolver.go:74.46,75.69 1 1
github.com/johan-st/sqlite-tui/internal/access/resolver.go:75.69,77.5 1 1
github.com/johan-st/sqlite-tui/internal/access/resolver.go:82.2,82.75 1 1
github.com/johan-st/sqlite-tui/internal/access/resolver.go:82.75,84.3 1 1
github.com/johan-st/sqlite-tui/internal/access/resolver.go:87.2,87.26 1 1
github.com/johan-st/sqlite-tui/internal/access/resolver.go:92.69,93.29 1 1
github.com/johan-st/sqlite-tui/internal/access/resolver.go:93.29,94.50 1 1
github.com/johan-st/sqlite-tui/internal/access/resolver.go:94.50,96.4 1 1
github.com/johan-st/sqlite-tui/internal/access/resolver.go:98.2,98.20 1 1
github.com/johan-st/sqlite-tui/internal/access/resolver.go:102.57,109.41 4 1
github.com/johan-st/sqlite-tui/internal/access/resolver.go:109.41,111.3 1 1
github.com/johan-st/sqlite-tui/internal/access/resolver.go:114.2,114.19 1 1
github.com/johan-st/sqlite-tui/internal/access/resolver.go:114.19,115.64 1 1
github.com/johan-st/sqlite-tui/internal/access/resolver.go:115.64,117.4 1 1
github.com/johan-st/sqlite-tui/internal/access/resolver.go:121.2,121.39 1 1
github.com/johan-st/sqlite-tui/internal/access/resolver.go:121.39,123.3 1 0
github.com/johan-st/sqlite-tui/internal/access/resolver.go:126.2,126.18 1 1
github.com/johan-st/sqlite-tui/internal/access/resolver.go:126.18,128.63 1 1
github.com/johan-st/sqlite-tui/internal/access/resolver.go:128.63,130.4 1 1
github.com/johan-st/sqlite-tui/internal/access/resolver.go:133.3,134.65 2 1
github.com/johan-st/sqlite-tui/internal/access/resolver.go:134.65,136.4 1 0
github.com/johan-st/sqlite-tui/internal/access/resolver.go:140.2,140.36 1 1
github.com/johan-st/sqlite-tui/internal/access/resolver.go:140.36,141.67 1 1
github.com/johan-st/sqlite-tui/internal/access/resolver.go:141.67,143.4 1 0
github.com/johan-st/sqlite-tui/internal/access/resolver.go:146.2,146.14 1 1
github.com/johan-st/sqlite-tui/internal/access/resolver.go:150.75,152.2 1 0
github.com/johan-st/sqlite-tui/internal/access/resolver.go:155.101,157.31 2 0
github.com/johan-st/sqlite-tui/internal/access/resolver.go:157.31,159.22 2 0
github.com/johan-st/sqlite-tui/internal/access/resolver.go:159.22,162.4 2 0
github.com/johan-st/sqlite-tui/internal/access/resolver.go:164.2,164.15 1 0
github.com/johan-st/sqlite-tui/cmd/sqlite-tui/main.go:29.13,36.18 5 0
github.com/johan-st/sqlite-tui/cmd/sqlite-tui/main.go:36.18,41.3 4 0
github.com/johan-st/sqlite-tui/cmd/sqlite-tui/main.go:44.2,44.14 1 0
github.com/johan-st/sqlite-tui/cmd/sqlite-tui/main.go:44.14,45.24 1 0
github.com/johan-st/sqlite-tui/cmd/sqlite-tui/main.go:45.24,47.4 1 0
github.com/johan-st/sqlite-tui/cmd/sqlite-tui/main.go:48.3,48.51 1 0
github.com/johan-st/sqlite-tui/cmd/sqlite-tui/main.go:48.51,50.4 1 0
github.com/johan-st/sqlite-tui/cmd/sqlite-tui/main.go:51.3,51.9 1 0
github.com/johan-st/sqlite-tui/cmd/sqlite-tui/main.go:55.2,56.20 2 0
github.com/johan-st/sqlite-tui/cmd/sqlite-tui/main.go:56.20,59.3 2 0
github.com/johan-st/sqlite-tui/cmd/sqlite-tui/main.go:61.2,64.22 3 0
github.com/johan-st/sqlite-tui/cmd/sqlite-tui/main.go:64.22,66.55 1 0
github.com/johan-st/sqlite-tui/cmd/sqlite-tui/main.go:66.55,68.4 1 0
github.com/johan-st/sqlite-tui/cmd/sqlite-tui/main.go:69.8,71.46 1 0
github.com/johan-st/sqlite-tui/cmd/sqlite-tui/main.go:71.46,73.4 1 0
github.com/johan-st/sqlite-tui/cmd/sqlite-tui/main.go:77.19,97.2 19 0
github.com/johan-st/sqlite-tui/cmd/sqlite-tui/main.go:100.77,110.16 4 0
github.com/johan-st/sqlite-tui/cmd/sqlite-tui/main.go:110.16,112.3 1 0
github.com/johan-st/sqlite-tui/cmd/sqlite-tui/main.go:114.2,114.42 1 0
github.com/johan-st/sqlite-tui/cmd/sqlite-tui/main.go:114.42,116.3 1 0
github.com/johan-st/sqlite-tui/cmd/sqlite-tui/main.go:119.2,124.29 2 0
github.com/johan-st/sqlite-tui/cmd/sqlite-tui/main.go:128.58,130.16 2 0
github.com/johan-st/sqlite-tui/cmd/sqlite-tui/main.go:130.16,132.3 1 0
github.com/johan-st/sqlite-tui/cmd/sqlite-tui/main.go:133.2,140.33 4 0
github.com/johan-st/sqlite-tui/cmd/sqlite-tui/main.go:144.40,146.16 2 0
github.com/johan-st/sqlite-tui/cmd/sqlite-tui/main.go:146.16,148.3 1 0
github.com/johan-st/sqlite-tui/cmd/sqlite-tui/main.go:149.2,154.25 4 0
github.com/johan-st/sqlite-tui/cmd/sqlite-tui/main.go:154.25,155.48 1 0
github.com/johan-st/sqlite-tui/cmd/sqlite-tui/main.go:155.48,157.4 1 0
github.com/johan-st/sqlite-tui/cmd/sqlite-tui/main.go:161.2,164.12 4 0
github.com/johan-st/sqlite-tui/cmd/sqlite-tui/main.go:168.44,171.16 2 0
github.com/johan-st/sqlite-tui/cmd/sqlite-tui/main.go:171.16,173.3 1 0
github.com/johan-st/sqlite-tui/cmd/sqlite-tui/main.go:176.2,177.16 2 0
github.com/johan-st/sqlite-tui/cmd/sqlite-tui/main.go:177.16,179.3 1 0
github.com/johan-st/sqlite-tui/cmd/sqlite-tui/main.go:180.2,184.16 3 0
github.com/johan-st/sqlite-tui/cmd/sqlite-tui/main.go:184.16,186.3 1 0
github.com/johan-st/sqlite-tui/cmd/sqlite-tui/main.go:188.2,188.42 1 0
github.com/johan-st/sqlite-tui/cmd/sqlite-tui/main.go:188.42,190.3 1 0
github.com/johan-st/sqlite-tui/cmd/sqlite-tui/main.go:191.2,195.16 3 0
github.com/johan-st/sqlite-tui/cmd/sqlite-tui/main.go:195.16,197.3 1 0
github.com/johan-st/sqlite-tui/cmd/sqlite-tui/main.go:197.8,198.54 1 0
github.com/johan-st/sqlite-tui/cmd/sqlite-tui/main.go:198.54,202.4 3 0
github.com/johan-st/sqlite-tui/cmd/sqlite-tui/main.go:203.3,203.47 1 0
github.com/johan-st/sqlite-tui/cmd/sqlite-tui/main.go:203.47,205.4 1 0
github.com/johan-st/sqlite-tui/cmd/sqlite-tui/main.go:205.9,207.4 1 0
github.com/johan-st/sqlite-tui/cmd/sqlite-tui/main.go:211.2,219.26 6 0
github.com/johan-st/sqlite-tui/internal/history/names.go:35.40,39.2 1 0
github.com/johan-st/sqlite-tui/internal/history/names.go:42.43,47.2 4 0
github.com/johan-st/sqlite-tui/internal/history/names.go:50.42,56.2 5 0
github.com/johan-st/sqlite-tui/internal/history/session.go:45.79,54.17 2 0
github.com/johan-st/sqlite-tui/internal/history/session.go:54.17,55.23 1 0
github.com/johan-st/sqlite-tui/internal/history/session.go:55.23,57.4 1 0
github.com/johan-st/sqlite-tui/internal/history/session.go:57.9,60.4 2 0
github.com/johan-st/sqlite-tui/internal/history/session.go:63.2,63.10 1 0
github.com/johan-st/sqlite-tui/internal/history/session.go:67.40,68.22 1 0
github.com/johan-st/sqlite-tui/internal/history/session.go:68.22,70.3 1 0
github.com/johan-st/sqlite-tui/internal/history/session.go:71.2,71.27 1 0
github.com/johan-st/sqlite-tui/internal/history/session.go:71.27,73.3 1 0
github.com/johan-st/sqlite-tui/internal/history/session.go:74.2,74.18 1 0
github.com/johan-st/sqlite-tui/internal/history/session.go:78.42,80.2 1 0
github.com/johan-st/sqlite-tui/internal/history/session.go:83.27,85.2 1 0
github.com/johan-st/sqlite-tui/internal/history/store.go:21.47,23.51 1 0
github.com/johan-st/sqlite-tui/internal/history/store.go:23.51,25.3 1 0
github.com/johan-st/sqlite-tui/internal/history/store.go:27.2,31.16 4 0
github.com/johan-st/sqlite-tui/internal/history/store.go:31.16,33.3 1 0
github.com/johan-st/sqlite-tui/internal/history/store.go:35.2,40.40 2 0
github.com/johan-st/sqlite-tui/internal/history/store.go:40.40,43.3 2 0
github.com/johan-st/sqlite-tui/internal/history/store.go:45.2,45.19 1 0
github.com/johan-st/sqlite-tui/internal/history/store.go:49.33,99.2 3 0
github.com/johan-st/sqlite-tui/internal/history/store.go:102.31,104.2 1 0
github.com/johan-st/sqlite-tui/internal/history/store.go:107.48,109.2 1 0
github.com/johan-st/sqlite-tui/internal/history/store.go:112.55,120.2 2 0
github.com/johan-st/sqlite-tui/internal/history/store.go:123.63,128.2 2 0
github.com/johan-st/sqlite-tui/internal/history/store.go:131.52,136.2 2 0
github.com/johan-st/sqlite-tui/internal/history/store.go:139.64,151.16 6 0
github.com/johan-st/sqlite-tui/internal/history/store.go:151.16,153.3 1 0
github.com/johan-st/sqlite-tui/internal/history/store.go:155.2,160.22 5 0
github.com/johan-st/sqlite-tui/internal/history/store.go:164.78,171.16 3 0
github.com/johan-st/sqlite-tui/internal/history/store.go:171.16,173.3 1 0
github.com/johan-st/sqlite-tui/internal/history/store.go:175.2,177.15 2 0
github.com/johan-st/sqlite-tui/internal/history/store.go:177.15,180.3 2 0
github.com/johan-st/sqlite-tui/internal/history/store.go:182.2,183.16 2 0
github.com/johan-st/sqlite-tui/internal/history/store.go:183.16,185.3 1 0
github.com/johan-st/sqlite-tui/internal/history/store.go:186.2,189.18 3 0
github.com/johan-st/sqlite-tui/internal/history/store.go:189.18,196.17 5 0
github.com/johan-st/sqlite-tui/internal/history/store.go:196.17,198.4 1 0
github.com/johan-st/sqlite-tui/internal/history/store.go:200.3,205.40 5 0
github.com/johan-st/sqlite-tui/internal/history/store.go:208.2,208.29 1 0
github.com/johan-st/sqlite-tui/internal/history/store.go:212.56,220.2 2 0
github.com/johan-st/sqlite-tui/internal/history/store.go:223.118,227.21 3 0
github.com/johan-st/sqlite-tui/internal/history/store.go:227.21,230.3 2 0
github.com/johan-st/sqlite-tui/internal/history/store.go:232.2,232.24 1 0
github.com/johan-st/sqlite-tui/internal/history/store.go:232.24,235.3 2 0
github.com/johan-st/sqlite-tui/internal/history/store.go:237.2,237.21 1 0
github.com/johan-st/sqlite-tui/internal/history/store.go:237.21,240.3 2 0
github.com/johan-st/sqlite-tui/internal/history/store.go:242.2,244.15 2 0
github.com/johan-st/sqlite-tui/internal/history/store.go:244.15,247.3 2 0
github.com/johan-st/sqlite-tui/internal/history/store.go:249.2,250.16 2 0
github.com/johan-st/sqlite-tui/internal/history/store.go:250.16,252.3 1 0
github.com/johan-st/sqlite-tui/internal/history/store.go:253.2,256.18 3 0
github.com/johan-st/sqlite-tui/internal/history/store.go:256.18,262.17 4 0
github.com/johan-st/sqlite-tui/internal/history/store.go:262.17,264.4 1 0
github.com/johan-st/sqlite-tui/internal/history/store.go:266.3,267.37 2 0
github.com/johan-st/sqlite-tui/internal/history/store.go:270.2,270.28 1 0
github.com/johan-st/sqlite-tui/internal/history/store.go:274.92,284.15 3 0
github.com/johan-st/sqlite-tui/internal/history/store.go:284.15,287.3 2 0
github.com/johan-st/sqlite-tui/internal/history/store.go:289.2,290.16 2 0
github.com/johan-st/sqlite-tui/internal/history/store.go:290.16,292.3 1 0
github.com/johan-st/sqlite-tui/internal/history/store.go:293.2,296.18 3 0
github.com/johan-st/sqlite-tui/internal/history/store.go:296.18,302.17 4 0
github.com/johan-st/sqlite-tui/internal/history/store.go:302.17,304.4 1 0
github.com/johan-st/sqlite-tui/internal/history/store.go:306.3,307.37 2 0
github.com/johan-st/sqlite-tui/internal/history/store.go:310.2,310.28 1 0
github.com/johan-st/sqlite-tui/internal/history/store.go:314.56,322.2 2 0
github.com/johan-st/sqlite-tui/internal/history/store.go:325.110,327.20 2 0
github.com/johan-st/sqlite-tui/internal/history/store.go:327.20,329.17 2 0
github.com/johan-st/sqlite-tui/internal/history/store.go:329.17,331.4 1 0
github.com/johan-st/sqlite-tui/internal/history/store.go:334.2,341.4 1 0
github.com/johan-st/sqlite-tui/internal/history/store.go:345.122,349.21 3 0
github.com/johan-st/sqlite-tui/internal/history/store.go:349.21,352.3 2 0
github.com/johan-st/sqlite-tui/internal/history/store.go:354.2,354.18 1 0
github.com/johan-st/sqlite-tui/internal/history/store.go:354.18,357.3 2 0
github.com/johan-st/sqlite-tui/internal/history/store.go:359.2,359.24 1 0
github.com/johan-st/sqlite-tui/internal/history/store.go:359.24,362.3 2 0
github.com/johan-st/sqlite-tui/internal/history/store.go:364.2,364.21 1 0
github.com/johan-st/sqlite-tui/internal/history/store.go:364.21,367.3 2 0
github.com/johan-st/sqlite-tui/internal/history/store.go:369.2,371.15 2 0
github.com/johan-st/sqlite-tui/internal/history/store.go:371.15,374.3 2 0
github.com/johan-st/sqlite-tui/internal/history/store.go:376.2,377.16 2 0
github.com/johan-st/sqlite-tui/internal/history/store.go:377.16,379.3 1 0
github.com/johan-st/sqlite-tui/internal/history/store.go:380.2,383.18 3 0
github.com/johan-st/sqlite-tui/internal/history/store.go:383.18,389.17 4 0
github.com/johan-st/sqlite-tui/internal/history/store.go:389.17,391.4 1 0
github.com/johan-st/sqlite-tui/internal/history/store.go:393.3,395.37 3 0
github.com/johan-st/sqlite-tui/internal/history/store.go:398.2,398.28 1 0
github.com/johan-st/sqlite-tui/internal/history/store.go:402.42,403.13 1 0
github.com/johan-st/sqlite-tui/internal/history/store.go:403.13,405.3 1 0
github.com/johan-st/sqlite-tui/internal/history/store.go:406.2,406.47 1 0
github.com/johan-st/sqlite-tui/internal/config/access.go:12.48,17.2 1 0
github.com/johan-st/sqlite-tui/internal/config/access.go:34.52,39.2 1 0
github.com/johan-st/sqlite-tui/internal/config/config.go:73.30,94.2 1 0
github.com/johan-st/sqlite-tui/internal/config/config.go:97.41,99.16 2 0
github.com/johan-st/sqlite-tui/internal/config/config.go:99.16,101.3 1 0
github.com/johan-st/sqlite-tui/internal/config/config.go:103.2,104.16 2 0
github.com/johan-st/sqlite-tui/internal/config/config.go:104.16,106.3 1 0
github.com/johan-st/sqlite-tui/internal/config/config.go:108.2,109.50 2 0
github.com/johan-st/sqlite-tui/internal/config/config.go:109.50,111.3 1 0
github.com/johan-st/sqlite-tui/internal/config/config.go:113.2,117.16 3 0
github.com/johan-st/sqlite-tui/internal/config/config.go:117.16,119.3 1 0
github.com/johan-st/sqlite-tui/internal/config/config.go:121.2,121.17 1 0
github.com/johan-st/sqlite-tui/internal/config/config.go:125.32,129.2 3 0
github.com/johan-st/sqlite-tui/internal/config/config.go:132.33,137.16 4 0
github.com/johan-st/sqlite-tui/internal/config/config.go:137.16,139.3 1 0
github.com/johan-st/sqlite-tui/internal/config/config.go:141.2,142.53 2 0
github.com/johan-st/sqlite-tui/internal/config/config.go:142.53,144.3 1 0
github.com/johan-st/sqlite-tui/internal/config/config.go:147.2,157.16 9 0
github.com/johan-st/sqlite-tui/internal/config/config.go:157.16,159.3 1 0
github.com/johan-st/sqlite-tui/internal/config/config.go:161.2,161.12 1 0
github.com/johan-st/sqlite-tui/internal/config/config.go:165.36,170.16 4 0
github.com/johan-st/sqlite-tui/internal/config/config.go:170.16,172.3 1 0
github.com/johan-st/sqlite-tui/internal/config/config.go:173.2,173.40 1 0
github.com/johan-st/sqlite-tui/internal/config/config.go:177.51,187.31 5 0
github.com/johan-st/sqlite-tui/internal/config/config.go:187.31,189.3 1 0
github.com/johan-st/sqlite-tui/internal/config/config.go:192.2,192.31 1 0
github.com/johan-st/sqlite-tui/internal/config/config.go:192.31,193.17 1 0
github.com/johan-st/sqlite-tui/internal/config/config.go:193.17,195.4 1 0
github.com/johan-st/sqlite-tui/internal/config/config.go:196.3,196.36 1 0
github.com/johan-st/sqlite-tui/internal/config/config.go:196.36,198.4 1 0
github.com/johan-st/sqlite-tui/internal/config/config.go:201.2,201.17 1 0
github.com/johan-st/sqlite-tui/internal/config/config.go:205.67,209.25 3 0
github.com/johan-st/sqlite-tui/internal/config/config.go:209.25,210.45 1 0
github.com/johan-st/sqlite-tui/internal/config/config.go:210.45,212.29 1 0
github.com/johan-st/sqlite-tui/internal/config/config.go:212.29,214.5 1 0
github.com/johan-st/sqlite-tui/internal/config/config.go:217.2,217.12 1 0
github.com/johan-st/sqlite-tui/internal/config/config.go:221.49,226.16 4 0
github.com/johan-st/sqlite-tui/internal/config/config.go:226.16,228.3 1 0
github.com/johan-st/sqlite-tui/internal/config/config.go:229.2,229.10 1 0
github.com/johan-st/sqlite-tui/internal/config/config.go:233.48,238.16 4 0
github.com/johan-st/sqlite-tui/internal/config/config.go:238.16,240.3 1 0
github.com/johan-st/sqlite-tui/internal/config/config.go:241.2,241.10 1 0
github.com/johan-st/sqlite-tui/internal/config/config.go:245.38,247.2 1 0
github.com/johan-st/sqlite-tui/internal/config/watcher.go:21.51,23.16 2 0
github.com/johan-st/sqlite-tui/internal/config/watcher.go:23.16,25.3 1 0
github.com/johan-st/sqlite-tui/internal/config/watcher.go:27.2,34.15 2 0
github.com/johan-st/sqlite-tui/internal/config/watcher.go:38.52,42.2 3 0
github.com/johan-st/sqlite-tui/internal/config/watcher.go:45.33,47.16 2 0
github.com/johan-st/sqlite-tui/internal/config/watcher.go:47.16,49.3 1 0
github.com/johan-st/sqlite-tui/internal/config/watcher.go:51.2,51.44 1 0
github.com/johan-st/sqlite-tui/internal/config/watcher.go:51.44,53.3 1 0
github.com/johan-st/sqlite-tui/internal/config/watcher.go:55.2,56.12 2 0
github.com/johan-st/sqlite-tui/internal/config/watcher.go:60.26,63.2 2 0
github.com/johan-st/sqlite-tui/internal/config/watcher.go:66.27,71.6 3 0
github.com/johan-st/sqlite-tui/internal/config/watcher.go:71.6,72.10 1 0
github.com/johan-st/sqlite-tui/internal/config/watcher.go:73.40,74.11 1 0
github.com/johan-st/sqlite-tui/internal/config/watcher.go:74.11,76.5 1 0
github.com/johan-st/sqlite-tui/internal/config/watcher.go:79.4,79.63 1 0
github.com/johan-st/sqlite-tui/internal/config/watcher.go:79.63,81.29 1 0
github.com/johan-st/sqlite-tui/internal/config/watcher.go:81.29,83.6 1 0
github.com/johan-st/sqlite-tui/internal/config/watcher.go:84.5,84.58 1 0
github.com/johan-st/sqlite-tui/internal/config/watcher.go:84.58,86.6 1 0
github.com/johan-st/sqlite-tui/internal/config/watcher.go:89.38,90.11 1 0
github.com/johan-st/sqlite-tui/internal/config/watcher.go:90.11,92.5 1 0
github.com/johan-st/sqlite-tui/internal/config/watcher.go:93.4,93.47 1 0
github.com/johan-st/sqlite-tui/internal/config/watcher.go:95.17,96.28 1 0
github.com/johan-st/sqlite-tui/internal/config/watcher.go:96.28,98.5 1 0
github.com/johan-st/sqlite-tui/internal/config/watcher.go:99.4,99.10 1 0
github.com/johan-st/sqlite-tui/internal/config/watcher.go:105.28,106.42 1 0
github.com/johan-st/sqlite-tui/internal/config/watcher.go:106.42,109.3 2 0
github.com/johan-st/sqlite-tui/internal/config/watcher.go:111.2,118.31 6 0
github.com/johan-st/sqlite-tui/internal/config/watcher.go:118.31,120.3 1 0
github.com/johan-st/sqlite-tui/internal/config/watcher.go:124.39,126.2 1 0
github.com/johan-st/sqlite-tui/internal/testutil/testutil.go:19.64,30.51 6 0
github.com/johan-st/sqlite-tui/internal/testutil/testutil.go:30.51,32.3 1 0
github.com/johan-st/sqlite-tui/internal/testutil/testutil.go:34.2,34.20 1 0
github.com/johan-st/sqlite-tui/internal/testutil/testutil.go:34.20,38.3 3 0
github.com/johan-st/sqlite-tui/internal/testutil/testutil.go:40.2,40.25 1 0
github.com/johan-st/sqlite-tui/internal/testutil/testutil.go:44.45,51.16 5 0
github.com/johan-st/sqlite-tui/internal/testutil/testutil.go:51.16,53.3 1 0
github.com/johan-st/sqlite-tui/internal/testutil/testutil.go:54.2,56.20 2 0
github.com/johan-st/sqlite-tui/internal/testutil/testutil.go:56.20,60.3 3 0
github.com/johan-st/sqlite-tui/internal/testutil/testutil.go:62.2,62.24 1 0
github.com/johan-st/sqlite-tui/internal/testutil/testutil.go:66.43,71.16 3 0
github.com/johan-st/sqlite-tui/internal/testutil/testutil.go:71.16,73.3 1 0
github.com/johan-st/sqlite-tui/internal/testutil/testutil.go:75.2,75.26 1 0
github.com/johan-st/sqlite-tui/internal/testutil/testutil.go:75.26,77.68 2 0
github.com/johan-st/sqlite-tui/internal/testutil/testutil.go:77.68,79.4 1 0
github.com/johan-st/sqlite-tui/internal/testutil/testutil.go:80.3,81.20 2 0
github.com/johan-st/sqlite-tui/internal/testutil/testutil.go:81.20,82.9 1 0
github.com/johan-st/sqlite-tui/internal/testutil/testutil.go:84.3,84.15 1 0
github.com/johan-st/sqlite-tui/internal/testutil/testutil.go:87.2,88.11 2 0
github.com/johan-st/sqlite-tui/internal/testutil/testutil.go:92.41,96.16 3 0
github.com/johan-st/sqlite-tui/internal/testutil/testutil.go:96.16,98.3 1 0
github.com/johan-st/sqlite-tui/internal/testutil/testutil.go:100.2,100.26 1 0
github.com/johan-st/sqlite-tui/internal/testutil/testutil.go:100.26,102.66 2 0
github.com/johan-st/sqlite-tui/internal/testutil/testutil.go:102.66,104.4 1 0
github.com/johan-st/sqlite-tui/internal/testutil/testutil.go:105.3,106.20 2 0
github.com/johan-st/sqlite-tui/internal/testutil/testutil.go:106.20,107.9 1 0
github.com/johan-st/sqlite-tui/internal/testutil/testutil.go:109.3,109.15 1 0
github.com/johan-st/sqlite-tui/internal/testutil/testutil.go:112.2,113.11 2 0
github.com/johan-st/sqlite-tui/internal/testutil/testutil.go:118.52,124.39 4 0
github.com/johan-st/sqlite-tui/internal/testutil/testutil.go:124.39,125.61 1 0
github.com/johan-st/sqlite-tui/internal/testutil/testutil.go:125.61,127.4 1 0
github.com/johan-st/sqlite-tui/internal/testutil/testutil.go:128.3,129.9 2 0
github.com/johan-st/sqlite-tui/internal/testutil/testutil.go:132.2,133.16 2 0
github.com/johan-st/sqlite-tui/internal/testutil/testutil.go:133.16,134.25 1 0
github.com/johan-st/sqlite-tui/internal/testutil/testutil.go:134.25,136.4 1 0
github.com/johan-st/sqlite-tui/internal/testutil/testutil.go:137.3,137.50 1 0
github.com/johan-st/sqlite-tui/internal/testutil/testutil.go:140.2,140.67 1 0
github.com/johan-st/sqlite-tui/internal/testutil/testutil.go:140.67,142.3 1 0
github.com/johan-st/sqlite-tui/internal/testutil/testutil.go:146.56,150.53 3 0
github.com/johan-st/sqlite-tui/internal/testutil/testutil.go:150.53,152.3 1 0
github.com/johan-st/sqlite-tui/internal/testutil/testutil.go:154.2,155.16 2 0
github.com/johan-st/sqlite-tui/internal/testutil/testutil.go:155.16,157.3 1 0
github.com/johan-st/sqlite-tui/internal/testutil/testutil.go:159.2,159.29 1 0
github.com/johan-st/sqlite-tui/internal/testutil/testutil.go:163.76,167.2 3 0
github.com/johan-st/sqlite-tui/internal/testutil/testutil.go:176.41,178.2 1 0
github.com/johan-st/sqlite-tui/internal/testutil/testutil.go:181.41,183.2 1 0
github.com/johan-st/sqlite-tui/internal/testutil/testutil.go:185.38,187.16 2 0
github.com/johan-st/sqlite-tui/internal/testutil/testutil.go:187.16,189.3 1 0
github.com/johan-st/sqlite-tui/internal/testutil/testutil.go:190.2,193.16 3 0
github.com/johan-st/sqlite-tui/internal/testutil/testutil.go:193.16,195.3 1 0
github.com/johan-st/sqlite-tui/internal/testutil/testutil.go:196.2,199.12 3 0
github.com/johan-st/sqlite-tui/internal/testutil/testutil.go:202.41,204.2 1 0
github.com/johan-st/sqlite-tui/internal/testutil/testutil.go:207.68,209.51 2 0
github.com/johan-st/sqlite-tui/internal/testutil/testutil.go:209.51,211.3 1 0
github.com/johan-st/sqlite-tui/internal/testutil/testutil.go:215.72,217.57 2 0
github.com/johan-st/sqlite-tui/internal/testutil/testutil.go:217.57,219.3 1 0
github.com/johan-st/sqlite-tui/internal/tui/app.go:61.118,73.2 2 0
github.com/johan-st/sqlite-tui/internal/tui/app.go:76.30,78.2 1 0
github.com/johan-st/sqlite-tui/internal/tui/app.go:81.39,84.2 2 0
github.com/johan-st/sqlite-tui/internal/tui/app.go:87.36,88.38 1 0
github.com/johan-st/sqlite-tui/internal/tui/app.go:88.38,90.3 1 0
github.com/johan-st/sqlite-tui/internal/tui/app.go:92.2,94.16 3 0
github.com/johan-st/sqlite-tui/internal/tui/app.go:94.16,96.3 1 0
github.com/johan-st/sqlite-tui/internal/tui/app.go:98.2,100.52 3 0
github.com/johan-st/sqlite-tui/internal/tui/app.go:104.34,105.74 1 0
github.com/johan-st/sqlite-tui/internal/tui/app.go:105.74,107.3 1 0
github.com/johan-st/sqlite-tui/internal/tui/app.go:109.2,113.16 4 0
github.com/johan-st/sqlite-tui/internal/tui/app.go:113.16,115.3 1 0
github.com/johan-st/sqlite-tui/internal/tui/app.go:117.2,120.50 4 0
github.com/johan-st/sqlite-tui/internal/tui/app.go:124.56,125.27 1 0
github.com/johan-st/sqlite-tui/internal/tui/app.go:126.18,127.26 1 0
github.com/johan-st/sqlite-tui/internal/tui/app.go:129.25,132.16 3 0
github.com/johan-st/sqlite-tui/internal/tui/app.go:134.26,136.27 2 0
github.com/johan-st/sqlite-tui/internal/tui/app.go:136.27,138.4 1 0
github.com/johan-st/sqlite-tui/internal/tui/app.go:139.3,139.16 1 0
github.com/johan-st/sqlite-tui/internal/tui/app.go:141.23,142.23 1 0
github.com/johan-st/sqlite-tui/internal/tui/app.go:142.23,144.4 1 0
github.com/johan-st/sqlite-tui/internal/tui/app.go:144.9,147.25 3 0
github.com/johan-st/sqlite-tui/internal/tui/app.go:147.25,149.5 1 0
github.com/johan-st/sqlite-tui/internal/tui/app.go:151.3,151.16 1 0
github.com/johan-st/sqlite-tui/internal/tui/app.go:153.21,154.23 1 0
github.com/johan-st/sqlite-tui/internal/tui/app.go:154.23,156.4 1 0
github.com/johan-st/sqlite-tui/internal/tui/app.go:156.9,159.4 2 0
github.com/johan-st/sqlite-tui/internal/tui/app.go:160.3,160.16 1 0
github.com/johan-st/sqlite-tui/internal/tui/app.go:162.24,164.23 2 0
github.com/johan-st/sqlite-tui/internal/tui/app.go:164.23,167.4 2 0
github.com/johan-st/sqlite-tui/internal/tui/app.go:167.9,172.4 4 0
github.com/johan-st/sqlite-tui/internal/tui/app.go:173.3,173.16 1 0
github.com/johan-st/sqlite-tui/internal/tui/app.go:175.16,177.16 2 0
github.com/johan-st/sqlite-tui/internal/tui/app.go:180.2,180.15 1 0
github.com/johan-st/sqlite-tui/internal/tui/app.go:183.62,185.19 1 0
github.com/johan-st/sqlite-tui/internal/tui/app.go:185.19,187.3 1 0
github.com/johan-st/sqlite-tui/internal/tui/app.go:190.2,190.16 1 0
github.com/johan-st/sqlite-tui/internal/tui/app.go:190.16,191.69 1 0
github.com/johan-st/sqlite-tui/internal/tui/app.go:191.69,193.4 1 0
github.com/johan-st/sqlite-tui/internal/tui/app.go:194.3,194.16 1 0
github.com/johan-st/sqlite-tui/internal/tui/app.go:198.2,198.18 1 0
github.com/johan-st/sqlite-tui/internal/tui/app.go:198.18,199.36 1 0
github.com/johan-st/sqlite-tui/internal/tui/app.go:199.36,201.4 1 0
github.com/johan-st/sqlite-tui/internal/tui/app.go:202.3,202.16 1 0
github.com/johan-st/sqlite-tui/internal/tui/app.go:205.2,205.9 1 0
github.com/johan-st/sqlite-tui/internal/tui/app.go:206.37,207.21 1 0
github.com/johan-st/sqlite-tui/internal/tui/app.go:209.37,211.16 2 0
github.com/johan-st/sqlite-tui/internal/tui/app.go:213.38,216.16 3 0
github.com/johan-st/sqlite-tui/internal/tui/app.go:218.40,219.28 1 0
github.com/johan-st/sqlite-tui/internal/tui/app.go:221.41,223.16 2 0
github.com/johan-st/sqlite-tui/internal/tui/app.go:225.41,227.16 2 0
github.com/johan-st/sqlite-tui/internal/tui/app.go:229.37,230.18 1 0
github.com/johan-st/sqlite-tui/internal/tui/app.go:230.18,232.4 1 0
github.com/johan-st/sqlite-tui/internal/tui/app.go:233.3,233.16 1 0
github.com/johan-st/sqlite-tui/internal/tui/app.go:235.38,236.26 1 0
github.com/johan-st/sqlite-tui/internal/tui/app.go:236.26,238.4 1 0
github.com/johan-st/sqlite-tui/internal/tui/app.go:239.3,239.16 1 0
github.com/johan-st/sqlite-tui/internal/tui/app.go:241.35,242.22 1 0
github.com/johan-st/sqlite-tui/internal/tui/app.go:244.37,245.24 1 0
github.com/johan-st/sqlite-tui/internal/tui/app.go:247.39,248.26 1 0
github.com/johan-st/sqlite-tui/internal/tui/app.go:250.39,251.64 1 0
github.com/johan-st/sqlite-tui/internal/tui/app.go:251.64,254.4 2 0
github.com/johan-st/sqlite-tui/internal/tui/app.go:255.3,255.16 1 0
github.com/johan-st/sqlite-tui/internal/tui/app.go:258.2,258.15 1 0
github.com/johan-st/sqlite-tui/internal/tui/app.go:261.47,262.17 1 0
github.com/johan-st/sqlite-tui/internal/tui/app.go:263.22,264.23 1 0
github.com/johan-st/sqlite-tui/internal/tui/app.go:264.23,267.4 2 0
github.com/johan-st/sqlite-tui/internal/tui/app.go:268.19,269.26 1 0
github.com/johan-st/sqlite-tui/internal/tui/app.go:269.26,272.4 2 0
github.com/johan-st/sqlite-tui/internal/tui/app.go:273.17,274.24 1 0
github.com/johan-st/sqlite-tui/internal/tui/app.go:274.24,276.4 1 0
github.com/johan-st/sqlite-tui/internal/tui/app.go:278.2,278.15 1 0
github.com/johan-st/sqlite-tui/internal/tui/app.go:281.49,282.17 1 0
github.com/johan-st/sqlite-tui/internal/tui/app.go:283.22,284.40 1 0
github.com/johan-st/sqlite-tui/internal/tui/app.go:284.40,287.4 2 0
github.com/johan-st/sqlite-tui/internal/tui/app.go:288.19,289.40 1 0
github.com/johan-st/sqlite-tui/internal/tui/app.go:289.40,292.4 2 0
github.com/johan-st/sqlite-tui/internal/tui/app.go:293.17,294.58 1 0
github.com/johan-st/sqlite-tui/internal/tui/app.go:294.58,296.4 1 0
github.com/johan-st/sqlite-tui/internal/tui/app.go:298.2,298.15 1 0
github.com/johan-st/sqlite-tui/internal/tui/app.go:301.51,302.17 1 0
github.com/johan-st/sqlite-tui/internal/tui/app.go:303.22,305.25 2 0
github.com/johan-st/sqlite-tui/internal/tui/app.go:306.19,308.23 2 0
github.com/johan-st/sqlite-tui/internal/tui/app.go:310.2,310.15 1 0
github.com/johan-st/sqlite-tui/internal/tui/app.go:313.69,314.18 1 0
github.com/johan-st/sqlite-tui/internal/tui/app.go:315.18,317.16 2 0
github.com/johan-st/sqlite-tui/internal/tui/app.go:319.20,320.25 1 0
github.com/johan-st/sqlite-tui/internal/tui/app.go:320.25,322.4 1 0
github.com/johan-st/sqlite-tui/internal/tui/app.go:323.3,324.16 2 0
github.com/johan-st/sqlite-tui/internal/tui/app.go:326.24,327.28 1 0
github.com/johan-st/sqlite-tui/internal/tui/app.go:327.28,329.4 1 0
github.com/johan-st/sqlite-tui/internal/tui/app.go:330.3,330.16 1 0
github.com/johan-st/sqlite-tui/internal/tui/app.go:332.20,334.16 2 0
github.com/johan-st/sqlite-tui/internal/tui/app.go:336.20,338.16 2 0
github.com/johan-st/sqlite-tui/internal/tui/app.go:341.2,341.15 1 0
github.com/johan-st/sqlite-tui/internal/tui/app.go:344.38,345.38 1 0
github.com/johan-st/sqlite-tui/internal/tui/app.go:345.38,347.3 1 0
github.com/johan-st/sqlite-tui/internal/tui/app.go:349.2,351.53 3 0
github.com/johan-st/sqlite-tui/internal/tui/app.go:354.36,355.74 1 0
github.com/johan-st/sqlite-tui/internal/tui/app.go:355.74,357.3 1 0
github.com/johan-st/sqlite-tui/internal/tui/app.go:359.2,363.16 4 0
github.com/johan-st/sqlite-tui/internal/tui/app.go:363.16,365.3 1 0
github.com/johan-st/sqlite-tui/internal/tui/app.go:367.2,370.48 4 0
github.com/johan-st/sqlite-tui/internal/tui/app.go:374.29,375.16 1 0
github.com/johan-st/sqlite-tui/internal/tui/app.go:375.16,377.3 1 0
github.com/johan-st/sqlite-tui/internal/tui/app.go:379.2,379.18 1 0
github.com/johan-st/sqlite-tui/internal/tui/app.go:379.18,381.3 1 0
github.com/johan-st/sqlite-tui/internal/tui/app.go:384.2,419.19 22 0
github.com/johan-st/sqlite-tui/internal/tui/app.go:422.60,424.31 2 0
github.com/johan-st/sqlite-tui/internal/tui/app.go:424.31,426.3 1 0
github.com/johan-st/sqlite-tui/internal/tui/app.go:428.2,432.33 4 0
github.com/johan-st/sqlite-tui/internal/tui/app.go:432.33,434.24 2 0
github.com/johan-st/sqlite-tui/internal/tui/app.go:434.24,436.4 1 0
github.com/johan-st/sqlite-tui/internal/tui/app.go:436.9,438.4 1 0
github.com/johan-st/sqlite-tui/internal/tui/app.go:439.3,440.28 2 0
github.com/johan-st/sqlite-tui/internal/tui/app.go:443.2,443.27 1 0
github.com/johan-st/sqlite-tui/internal/tui/app.go:443.27,445.3 1 0
github.com/johan-st/sqlite-tui/internal/tui/app.go:447.2,447.67 1 0
github.com/johan-st/sqlite-tui/internal/tui/app.go:450.57,452.28 2 0
github.com/johan-st/sqlite-tui/internal/tui/app.go:452.28,454.3 1 0
github.com/johan-st/sqlite-tui/internal/tui/app.go:456.2,460.33 4 0
github.com/johan-st/sqlite-tui/internal/tui/app.go:460.33,462.27 2 0
github.com/johan-st/sqlite-tui/internal/tui/app.go:462.27,464.4 1 0
github.com/johan-st/sqlite-tui/internal/tui/app.go:464.9,466.4 1 0
github.com/johan-st/sqlite-tui/internal/tui/app.go:467.3,468.28 2 0
github.com/johan-st/sqlite-tui/internal/tui/app.go:471.2,471.24 1 0
github.com/johan-st/sqlite-tui/internal/tui/app.go:471.24,473.3 1 0
github.com/johan-st/sqlite-tui/internal/tui/app.go:475.2,475.67 1 0
github.com/johan-st/sqlite-tui/internal/tui/app.go:478.56,480.26 2 0
github.com/johan-st/sqlite-tui/internal/tui/app.go:480.26,482.3 1 0
github.com/johan-st/sqlite-tui/internal/tui/app.go:484.2,486.47 2 0
github.com/johan-st/sqlite-tui/internal/tui/app.go:486.47,489.3 2 0
github.com/johan-st/sqlite-tui/internal/tui/app.go:492.2,497.34 4 0
github.com/johan-st/sqlite-tui/internal/tui/app.go:497.34,499.25 2 0
github.com/johan-st/sqlite-tui/internal/tui/app.go:499.25,501.4 1 0
github.com/johan-st/sqlite-tui/internal/tui/app.go:502.3,504.25 2 0
github.com/johan-st/sqlite-tui/internal/tui/app.go:504.25,506.4 1 0
github.com/johan-st/sqlite-tui/internal/tui/app.go:507.3,508.28 2 0
github.com/johan-st/sqlite-tui/internal/tui/app.go:511.2,511.67 1 0
github.com/johan-st/sqlite-tui/internal/tui/app.go:514.39,516.19 2 0
github.com/johan-st/sqlite-tui/internal/tui/app.go:516.19,518.3 1 0
github.com/johan-st/sqlite-tui/internal/tui/app.go:519.2,519.25 1 0
github.com/johan-st/sqlite-tui/internal/tui/app.go:519.25,521.3 1 0
github.com/johan-st/sqlite-tui/internal/tui/app.go:522.2,522.57 1 0
github.com/johan-st/sqlite-tui/internal/tui/app.go:525.40,529.37 2 0
github.com/johan-st/sqlite-tui/internal/tui/app.go:529.37,532.3 2 0
github.com/johan-st/sqlite-tui/internal/tui/app.go:533.2,533.37 1 0
github.com/johan-st/sqlite-tui/internal/tui/app.go:533.37,535.3 1 0
github.com/johan-st/sqlite-tui/internal/tui/app.go:538.2,538.19 1 0
github.com/johan-st/sqlite-tui/internal/tui/app.go:538.19,540.3 1 0
github.com/johan-st/sqlite-tui/internal/tui/app.go:543.2,543.37 1 0
github.com/johan-st/sqlite-tui/internal/tui/app.go:543.37,546.34 3 0
github.com/johan-st/sqlite-tui/internal/tui/app.go:547.16,548.38 1 0
github.com/johan-st/sqlite-tui/internal/tui/app.go:549.21,550.39 1 0
github.com/johan-st/sqlite-tui/internal/tui/app.go:551.20,552.38 1 0
github.com/johan-st/sqlite-tui/internal/tui/app.go:553.11,554.32 1 0
github.com/johan-st/sqlite-tui/internal/tui/app.go:556.3,556.31 1 0
github.com/johan-st/sqlite-tui/internal/tui/app.go:560.2,562.71 2 0
github.com/johan-st/sqlite-tui/internal/tui/app.go:565.35,585.30 5 0
github.com/johan-st/sqlite-tui/internal/tui/app.go:585.30,589.3 3 0
github.com/johan-st/sqlite-tui/internal/tui/app.go:591.2,594.88 3 0
github.com/johan-st/sqlite-tui/internal/tui/app.go:597.37,602.21 4 0
github.com/johan-st/sqlite-tui/internal/tui/app.go:602.21,604.3 1 0
github.com/johan-st/sqlite-tui/internal/tui/app.go:604.8,612.40 6 0
github.com/johan-st/sqlite-tui/internal/tui/app.go:612.40,614.26 2 0
github.com/johan-st/sqlite-tui/internal/tui/app.go:614.26,616.5 1 0
github.com/johan-st/sqlite-tui/internal/tui/app.go:617.4,618.19 2 0
github.com/johan-st/sqlite-tui/internal/tui/app.go:618.19,620.5 1 0
github.com/johan-st/sqlite-tui/internal/tui/app.go:621.4,621.81 1 0
github.com/johan-st/sqlite-tui/internal/tui/app.go:625.2,628.88 3 0
github.com/johan-st/sqlite-tui/internal/tui/handler.go:13.90,14.62 1 0
github.com/johan-st/sqlite-tui/internal/tui/handler.go:14.62,17.10 3 0
github.com/johan-st/sqlite-tui/internal/tui/handler.go:17.10,20.4 1 0
github.com/johan-st/sqlite-tui/internal/tui/handler.go:22.3,27.4 2 0
github.com/johan-st/sqlite-tui/internal/tui/keymap.go:31.29,98.2 1 0
github.com/johan-st/sqlite-tui/internal/tui/keymap.go:101.43,103.2 1 0
github.com/johan-st/sqlite-tui/internal/tui/keymap.go:106.44,114.2 1 0
github.com/johan-st/sqlite-tui/internal/server/auth.go:24.87,29.2 1 0
github.com/johan-st/sqlite-tui/internal/server/auth.go:32.65,33.55 1 0
github.com/johan-st/sqlite-tui/internal/server/auth.go:33.55,37.18 3 0
github.com/johan-st/sqlite-tui/internal/server/auth.go:37.18,42.4 3 0
github.com/johan-st/sqlite-tui/internal/server/auth.go:45.3,45.66 1 0
github.com/johan-st/sqlite-tui/internal/server/auth.go:45.66,57.4 5 0
github.com/johan-st/sqlite-tui/internal/server/auth.go:59.3,60.15 2 0
github.com/johan-st/sqlite-tui/internal/server/auth.go:65.85,66.28 1 0
github.com/johan-st/sqlite-tui/internal/server/auth.go:66.28,68.3 1 0
github.com/johan-st/sqlite-tui/internal/server/auth.go:70.2,70.83 1 0
github.com/johan-st/sqlite-tui/internal/server/auth.go:70.83,81.3 5 0
github.com/johan-st/sqlite-tui/internal/server/auth.go:85.95,86.38 1 0
github.com/johan-st/sqlite-tui/internal/server/auth.go:86.38,87.45 1 0
github.com/johan-st/sqlite-tui/internal/server/auth.go:87.45,90.18 2 0
github.com/johan-st/sqlite-tui/internal/server/auth.go:90.18,92.49 1 0
github.com/johan-st/sqlite-tui/internal/server/auth.go:92.49,98.6 1 0
github.com/johan-st/sqlite-tui/internal/server/auth.go:99.5,99.13 1 0
github.com/johan-st/sqlite-tui/internal/server/auth.go:103.4,103.37 1 0
github.com/johan-st/sqlite-tui/internal/server/auth.go:103.37,109.5 1 0
github.com/johan-st/sqlite-tui/internal/server/auth.go:112.2,112.12 1 0
github.com/johan-st/sqlite-tui/internal/server/auth.go:116.59,117.58 1 0
github.com/johan-st/sqlite-tui/internal/server/auth.go:117.58,119.3 1 0
github.com/johan-st/sqlite-tui/internal/server/auth.go:120.2,120.12 1 0
github.com/johan-st/sqlite-tui/internal/server/auth.go:124.47,127.2 2 0
github.com/johan-st/sqlite-tui/internal/server/auth.go:130.52,132.18 2 0
github.com/johan-st/sqlite-tui/internal/server/auth.go:132.18,134.3 1 0
github.com/johan-st/sqlite-tui/internal/server/auth.go:135.2,135.11 1 0
github.com/johan-st/sqlite-tui/internal/server/middleware.go:25.68,26.44 1 0
github.com/johan-st/sqlite-tui/internal/server/middleware.go:26.44,27.30 1 0
github.com/johan-st/sqlite-tui/internal/server/middleware.go:27.30,29.19 2 0
github.com/johan-st/sqlite-tui/internal/server/middleware.go:29.19,36.5 1 0
github.com/johan-st/sqlite-tui/internal/server/middleware.go:38.4,39.18 2 0
github.com/johan-st/sqlite-tui/internal/server/middleware.go:39.18,41.5 1 0
github.com/johan-st/sqlite-tui/internal/server/middleware.go:44.4,48.17 3 0
github.com/johan-st/sqlite-tui/internal/server/middleware.go:48.17,49.23 1 0
github.com/johan-st/sqlite-tui/internal/server/middleware.go:49.23,51.6 1 0
github.com/johan-st/sqlite-tui/internal/server/middleware.go:54.4,54.11 1 0
github.com/johan-st/sqlite-tui/internal/server/middleware.go:60.70,61.44 1 0
github.com/johan-st/sqlite-tui/internal/server/middleware.go:61.44,62.30 1 0
github.com/johan-st/sqlite-tui/internal/server/middleware.go:62.30,65.4 2 0
github.com/johan-st/sqlite-tui/internal/server/middleware.go:70.69,71.44 1 0
github.com/johan-st/sqlite-tui/internal/server/middleware.go:71.44,72.30 1 0
github.com/johan-st/sqlite-tui/internal/server/middleware.go:72.30,75.4 2 0
github.com/johan-st/sqlite-tui/internal/server/middleware.go:80.42,81.44 1 0
github.com/johan-st/sqlite-tui/internal/server/middleware.go:81.44,82.30 1 0
github.com/johan-st/sqlite-tui/internal/server/middleware.go:82.30,85.19 3 0
github.com/johan-st/sqlite-tui/internal/server/middleware.go:85.19,87.5 1 0
github.com/johan-st/sqlite-tui/internal/server/middleware.go:89.4,94.50 3 0
github.com/johan-st/sqlite-tui/internal/server/middleware.go:100.45,101.44 1 0
github.com/johan-st/sqlite-tui/internal/server/middleware.go:101.44,102.30 1 0
github.com/johan-st/sqlite-tui/internal/server/middleware.go:102.30,104.28 1 0
github.com/johan-st/sqlite-tui/internal/server/middleware.go:104.28,107.5 2 0
github.com/johan-st/sqlite-tui/internal/server/middleware.go:110.4,111.15 2 0
github.com/johan-st/sqlite-tui/internal/server/middleware.go:111.15,114.5 2 0
github.com/johan-st/sqlite-tui/internal/server/middleware.go:116.4,116.11 1 0
github.com/johan-st/sqlite-tui/internal/server/middleware.go:122.48,123.68 1 0
github.com/johan-st/sqlite-tui/internal/server/middleware.go:123.68,125.3 1 0
github.com/johan-st/sqlite-tui/internal/server/middleware.go:126.2,126.12 1 0
github.com/johan-st/sqlite-tui/internal/server/middleware.go:130.59,131.75 1 0
github.com/johan-st/sqlite-tui/internal/server/middleware.go:131.75,133.3 1 0
github.com/johan-st/sqlite-tui/internal/server/middleware.go:134.2,134.12 1 0
github.com/johan-st/sqlite-tui/internal/server/middleware.go:138.54,139.72 1 0
github.com/johan-st/sqlite-tui/internal/server/middleware.go:139.72,141.3 1 0
github.com/johan-st/sqlite-tui/internal/server/middleware.go:142.2,142.12 1 0
github.com/johan-st/sqlite-tui/internal/server/middleware.go:146.58,147.74 1 0
github.com/johan-st/sqlite-tui/internal/server/middleware.go:147.74,149.3 1 0
github.com/johan-st/sqlite-tui/internal/server/middleware.go:150.2,150.12 1 0
github.com/johan-st/sqlite-tui/internal/server/server.go:34.102,45.2 3 0
github.com/johan-st/sqlite-tui/internal/server/server.go:48.59,50.2 1 0
github.com/johan-st/sqlite-tui/internal/server/server.go:53.59,55.2 1 0
github.com/johan-st/sqlite-tui/internal/server/server.go:58.32,61.50 2 0
github.com/johan-st/sqlite-tui/internal/server/server.go:61.50,63.3 1 0
github.com/johan-st/sqlite-tui/internal/server/server.go:66.2,84.27 3 0
github.com/johan-st/sqlite-tui/internal/server/server.go:84.27,86.3 1 0
github.com/johan-st/sqlite-tui/internal/server/server.go:89.2,89.35 1 0
github.com/johan-st/sqlite-tui/internal/server/server.go:89.35,91.3 1 0
github.com/johan-st/sqlite-tui/internal/server/server.go:92.2,92.34 1 0
github.com/johan-st/sqlite-tui/internal/server/server.go:92.34,94.3 1 0
github.com/johan-st/sqlite-tui/internal/server/server.go:96.2,97.16 2 0
github.com/johan-st/sqlite-tui/internal/server/server.go:97.16,99.3 1 0
github.com/johan-st/sqlite-tui/internal/server/server.go:100.2,108.12 5 0
github.com/johan-st/sqlite-tui/internal/server/server.go:108.12,109.79 1 0
github.com/johan-st/sqlite-tui/internal/server/server.go:109.79,111.4 1 0
github.com/johan-st/sqlite-tui/internal/server/server.go:114.2,120.29 5 0
github.com/johan-st/sqlite-tui/internal/server/server.go:124.41,127.50 2 0
github.com/johan-st/sqlite-tui/internal/server/server.go:127.50,129.3 1 0
github.com/johan-st/sqlite-tui/internal/server/server.go:132.2,148.27 3 0
github.com/johan-st/sqlite-tui/internal/server/server.go:148.27,150.3 1 0
github.com/johan-st/sqlite-tui/internal/server/server.go:152.2,152.35 1 0
github.com/johan-st/sqlite-tui/internal/server/server.go:152.35,154.3 1 0
github.com/johan-st/sqlite-tui/internal/server/server.go:155.2,155.34 1 0
github.com/johan-st/sqlite-tui/internal/server/server.go:155.34,157.3 1 0
github.com/johan-st/sqlite-tui/internal/server/server.go:159.2,160.16 2 0
github.com/johan-st/sqlite-tui/internal/server/server.go:160.16,162.3 1 0
github.com/johan-st/sqlite-tui/internal/server/server.go:163.2,165.32 2 0
github.com/johan-st/sqlite-tui/internal/server/server.go:169.54,170.24 1 0
github.com/johan-st/sqlite-tui/internal/server/server.go:170.24,172.3 1 0
github.com/johan-st/sqlite-tui/internal/server/server.go:173.2,173.12 1 0
github.com/johan-st/sqlite-tui/internal/server/server.go:177.35,178.24 1 0
github.com/johan-st/sqlite-tui/internal/server/server.go:178.24,180.3 1 0
github.com/johan-st/sqlite-tui/internal/server/server.go:181.2,181.11 1 0
github.com/johan-st/sqlite-tui/internal/server/server.go:185.54,186.44 1 0
github.com/johan-st/sqlite-tui/internal/server/server.go:186.44,187.33 1 0
github.com/johan-st/sqlite-tui/internal/server/server.go:187.33,191.20 2 0
github.com/johan-st/sqlite-tui/internal/server/server.go:191.20,192.28 1 0
github.com/johan-st/sqlite-tui/internal/server/server.go:192.28,194.6 1 0
github.com/johan-st/sqlite-tui/internal/server/server.go:194.11,196.6 1 0
github.com/johan-st/sqlite-tui/internal/server/server.go:197.5,197.11 1 0
github.com/johan-st/sqlite-tui/internal/server/server.go:201.4,202.15 2 0
github.com/johan-st/sqlite-tui/internal/server/server.go:202.15,205.5 2 0
github.com/johan-st/sqlite-tui/internal/server/server.go:207.4,207.27 1 0
github.com/johan-st/sqlite-tui/internal/server/server.go:207.27,211.5 2 0
github.com/johan-st/sqlite-tui/internal/server/server.go:211.10,213.5 1 0
github.com/johan-st/sqlite-tui/internal/server/server.go:219.54,221.2 1 0
github.com/johan-st/sqlite-tui/internal/server/session.go:23.68,32.2 2 0
github.com/johan-st/sqlite-tui/internal/server/session.go:35.27,39.2 3 0
github.com/johan-st/sqlite-tui/internal/server/session.go:42.44,46.2 3 0
github.com/johan-st/sqlite-tui/internal/server/session.go:49.44,53.2 3 0
github.com/johan-st/sqlite-tui/internal/server/session.go:56.55,58.2 1 0
github.com/johan-st/sqlite-tui/internal/server/session.go:68.69,73.2 1 0
github.com/johan-st/sqlite-tui/internal/server/session.go:76.101,84.28 5 0
github.com/johan-st/sqlite-tui/internal/server/session.go:84.28,85.83 1 0
github.com/johan-st/sqlite-tui/internal/server/session.go:85.83,88.4 1 0
github.com/johan-st/sqlite-tui/internal/server/session.go:91.2,91.21 1 0
github.com/johan-st/sqlite-tui/internal/server/session.go:95.58,99.2 3 0
github.com/johan-st/sqlite-tui/internal/server/session.go:102.49,107.28 4 0
github.com/johan-st/sqlite-tui/internal/server/session.go:107.28,109.3 1 0
github.com/johan-st/sqlite-tui/internal/server/session.go:113.59,118.32 4 0
github.com/johan-st/sqlite-tui/internal/server/session.go:118.32,120.3 1 0
github.com/johan-st/sqlite-tui/internal/server/session.go:121.2,121.17 1 0
github.com/johan-st/sqlite-tui/internal/server/session.go:125.39,129.2 3 0
github.com/johan-st/sqlite-tui/internal/server/session.go:132.53,137.20 4 0
github.com/johan-st/sqlite-tui/internal/server/session.go:137.20,139.29 2 0
github.com/johan-st/sqlite-tui/internal/server/session.go:139.29,141.4 1 0
github.com/johan-st/sqlite-tui/internal/database/connection.go:27.39,32.2 1 1
github.com/johan-st/sqlite-tui/internal/database/connection.go:35.63,37.19 2 1
github.com/johan-st/sqlite-tui/internal/database/connection.go:37.19,39.3 1 1
github.com/johan-st/sqlite-tui/internal/database/connection.go:41.2,45.16 3 1
github.com/johan-st/sqlite-tui/internal/database/connection.go:45.16,47.3 1 0
github.com/johan-st/sqlite-tui/internal/database/connection.go:50.2,50.34 1 1
github.com/johan-st/sqlite-tui/internal/database/connection.go:50.34,53.3 2 0
github.com/johan-st/sqlite-tui/internal/database/connection.go:56.2,64.8 4 1
github.com/johan-st/sqlite-tui/internal/database/connection.go:68.53,72.2 3 1
github.com/johan-st/sqlite-tui/internal/database/connection.go:75.54,79.2 3 1
github.com/johan-st/sqlite-tui/internal/database/connection.go:82.36,86.17 3 1
github.com/johan-st/sqlite-tui/internal/database/connection.go:86.17,88.3 1 1
github.com/johan-st/sqlite-tui/internal/database/connection.go:89.2,89.12 1 0
github.com/johan-st/sqlite-tui/internal/database/connection.go:96.77,98.2 1 1
github.com/johan-st/sqlite-tui/internal/database/connection.go:101.74,103.2 1 1
github.com/johan-st/sqlite-tui/internal/database/connection.go:106.67,108.2 1 1
github.com/johan-st/sqlite-tui/internal/database/connection.go:111.47,113.2 1 0
github.com/johan-st/sqlite-tui/internal/database/connection.go:116.68,118.16 2 0
github.com/johan-st/sqlite-tui/internal/database/connection.go:118.16,120.3 1 0
github.com/johan-st/sqlite-tui/internal/database/connection.go:122.2,122.15 1 0
github.com/johan-st/sqlite-tui/internal/database/connection.go:122.15,123.31 1 0
github.com/johan-st/sqlite-tui/internal/database/connection.go:123.31,125.12 2 0
github.com/johan-st/sqlite-tui/internal/database/connection.go:129.2,129.31 1 0
github.com/johan-st/sqlite-tui/internal/database/connection.go:129.31,132.3 2 0
github.com/johan-st/sqlite-tui/internal/database/connection.go:134.2,134.20 1 0
github.com/johan-st/sqlite-tui/internal/database/discovery.go:36.72,38.16 2 1
github.com/johan-st/sqlite-tui/internal/database/discovery.go:38.16,40.3 1 0
github.com/johan-st/sqlite-tui/internal/database/discovery.go:42.2,50.15 2 1
github.com/johan-st/sqlite-tui/internal/database/discovery.go:54.83,58.2 3 0
github.com/johan-st/sqlite-tui/internal/database/discovery.go:61.35,63.33 1 1
github.com/johan-st/sqlite-tui/internal/database/discovery.go:63.33,65.3 1 0
github.com/johan-st/sqlite-tui/internal/database/discovery.go:68.2,70.12 2 1
github.com/johan-st/sqlite-tui/internal/database/discovery.go:74.28,77.2 2 1
github.com/johan-st/sqlite-tui/internal/database/discovery.go:80.58,85.33 4 1
github.com/johan-st/sqlite-tui/internal/database/discovery.go:85.33,87.3 1 1
github.com/johan-st/sqlite-tui/internal/database/discovery.go:88.2,88.15 1 1
github.com/johan-st/sqlite-tui/internal/database/discovery.go:92.73,97.44 3 1
github.com/johan-st/sqlite-tui/internal/database/discovery.go:97.44,99.3 1 0
github.com/johan-st/sqlite-tui/internal/database/discovery.go:102.2,102.33 1 1
github.com/johan-st/sqlite-tui/internal/database/discovery.go:102.33,103.30 1 1
github.com/johan-st/sqlite-tui/internal/database/discovery.go:103.30,105.4 1 1
github.com/johan-st/sqlite-tui/internal/database/discovery.go:108.2,108.12 1 1
github.com/johan-st/sqlite-tui/internal/database/discovery.go:112.34,119.27 5 1
github.com/johan-st/sqlite-tui/internal/database/discovery.go:119.27,122.17 3 1
github.com/johan-st/sqlite-tui/internal/database/discovery.go:122.17,124.12 2 0
github.com/johan-st/sqlite-tui/internal/database/discovery.go:127.3,127.28 1 1
github.com/johan-st/sqlite-tui/internal/database/discovery.go:127.28,129.4 1 1
github.com/johan-st/sqlite-tui/internal/database/discovery.go:131.3,131.33 1 1
github.com/johan-st/sqlite-tui/internal/database/discovery.go:131.33,133.4 1 1
github.com/johan-st/sqlite-tui/internal/database/discovery.go:137.2,139.37 2 1
github.com/johan-st/sqlite-tui/internal/database/discovery.go:139.37,140.46 1 1
github.com/johan-st/sqlite-tui/internal/database/discovery.go:140.46,142.4 1 1
github.com/johan-st/sqlite-tui/internal/database/discovery.go:145.2,145.36 1 1
github.com/johan-st/sqlite-tui/internal/database/discovery.go:145.36,146.47 1 0
github.com/johan-st/sqlite-tui/internal/database/discovery.go:146.47,148.4 1 0
github.com/johan-st/sqlite-tui/internal/database/discovery.go:151.2,154.31 2 1
github.com/johan-st/sqlite-tui/internal/database/discovery.go:154.31,156.3 1 1
github.com/johan-st/sqlite-tui/internal/database/discovery.go:159.2,159.40 1 1
github.com/johan-st/sqlite-tui/internal/database/discovery.go:159.40,161.3 1 1
github.com/johan-st/sqlite-tui/internal/database/discovery.go:163.2,163.12 1 1
github.com/johan-st/sqlite-tui/internal/database/discovery.go:167.108,174.38 4 1
github.com/johan-st/sqlite-tui/internal/database/discovery.go:174.38,176.17 2 0
github.com/johan-st/sqlite-tui/internal/database/discovery.go:176.17,178.4 1 0
github.com/johan-st/sqlite-tui/internal/database/discovery.go:180.3,180.33 1 0
github.com/johan-st/sqlite-tui/internal/database/discovery.go:180.33,181.27 1 0
github.com/johan-st/sqlite-tui/internal/database/discovery.go:181.27,183.19 2 0
github.com/johan-st/sqlite-tui/internal/database/discovery.go:183.19,185.14 2 0
github.com/johan-st/sqlite-tui/internal/database/discovery.go:187.5,187.38 1 0
github.com/johan-st/sqlite-tui/internal/database/discovery.go:192.3,193.30 2 0
github.com/johan-st/sqlite-tui/internal/database/discovery.go:193.30,195.4 1 0
github.com/johan-st/sqlite-tui/internal/database/discovery.go:197.3,197.35 1 0
github.com/johan-st/sqlite-tui/internal/database/discovery.go:201.2,202.16 2 1
github.com/johan-st/sqlite-tui/internal/database/discovery.go:202.16,204.3 1 0
github.com/johan-st/sqlite-tui/internal/database/discovery.go:206.2,206.18 1 1
github.com/johan-st/sqlite-tui/internal/database/discovery.go:206.18,208.67 1 0
github.com/johan-st/sqlite-tui/internal/database/discovery.go:208.67,209.18 1 0
github.com/johan-st/sqlite-tui/internal/database/discovery.go:209.18,211.5 1 0
github.com/johan-st/sqlite-tui/internal/database/discovery.go:212.4,212.58 1 0
github.com/johan-st/sqlite-tui/internal/database/discovery.go:212.58,214.5 1 0
github.com/johan-st/sqlite-tui/internal/database/discovery.go:215.4,215.44 1 0
github.com/johan-st/sqlite-tui/internal/database/discovery.go:215.44,217.19 2 0
github.com/johan-st/sqlite-tui/internal/database/discovery.go:217.19,219.6 1 0
github.com/johan-st/sqlite-tui/internal/database/discovery.go:221.4,221.14 1 0
github.com/johan-st/sqlite-tui/internal/database/discovery.go:224.3,227.35 3 0
github.com/johan-st/sqlite-tui/internal/database/discovery.go:231.2,231.24 1 1
github.com/johan-st/sqlite-tui/internal/database/discovery.go:231.24,233.17 2 1
github.com/johan-st/sqlite-tui/internal/database/discovery.go:233.17,235.4 1 0
github.com/johan-st/sqlite-tui/internal/database/discovery.go:236.3,237.52 2 1
github.com/johan-st/sqlite-tui/internal/database/discovery.go:240.2,240.34 1 1
github.com/johan-st/sqlite-tui/internal/database/discovery.go:244.113,246.2 1 1
github.com/johan-st/sqlite-tui/internal/database/discovery.go:248.106,250.16 2 1
github.com/johan-st/sqlite-tui/internal/database/discovery.go:250.16,252.3 1 0
github.com/johan-st/sqlite-tui/internal/database/discovery.go:254.2,255.16 2 1
github.com/johan-st/sqlite-tui/internal/database/discovery.go:255.16,257.3 1 0
github.com/johan-st/sqlite-tui/internal/database/discovery.go:260.2,261.17 2 1
github.com/johan-st/sqlite-tui/internal/database/discovery.go:261.17,264.3 1 0
github.com/johan-st/sqlite-tui/internal/database/discovery.go:264.8,264.41 1 1
github.com/johan-st/sqlite-tui/internal/database/discovery.go:264.41,268.3 2 0
github.com/johan-st/sqlite-tui/internal/database/discovery.go:270.2,277.8 1 1
github.com/johan-st/sqlite-tui/internal/database/discovery.go:281.37,284.2 2 1
github.com/johan-st/sqlite-tui/internal/database/discovery.go:287.29,288.6 1 1
github.com/johan-st/sqlite-tui/internal/database/discovery.go:288.6,289.10 1 1
github.com/johan-st/sqlite-tui/internal/database/discovery.go:290.40,291.11 1 1
github.com/johan-st/sqlite-tui/internal/database/discovery.go:291.11,293.5 1 0
github.com/johan-st/sqlite-tui/internal/database/discovery.go:296.4,296.94 1 1
github.com/johan-st/sqlite-tui/internal/database/discovery.go:296.94,297.33 1 1
github.com/johan-st/sqlite-tui/internal/database/discovery.go:297.33,300.6 1 0
github.com/johan-st/sqlite-tui/internal/database/discovery.go:303.38,304.11 1 1
github.com/johan-st/sqlite-tui/internal/database/discovery.go:304.11,306.5 1 1
github.com/johan-st/sqlite-tui/internal/database/discovery.go:307.4,307.50 1 0
github.com/johan-st/sqlite-tui/internal/database/discovery.go:309.17,310.10 1 1
github.com/johan-st/sqlite-tui/internal/database/discovery.go:316.75,322.31 5 1
github.com/johan-st/sqlite-tui/internal/database/discovery.go:322.31,324.3 1 0
github.com/johan-st/sqlite-tui/internal/database/discovery.go:328.37,330.2 1 0
github.com/johan-st/sqlite-tui/internal/database/discovery.go:333.74,339.2 4 0
github.com/johan-st/sqlite-tui/internal/database/lock.go:17.36,20.2 1 0
github.com/johan-st/sqlite-tui/internal/database/lock.go:37.36,41.2 1 1
github.com/johan-st/sqlite-tui/internal/database/lock.go:45.72,49.46 3 1
github.com/johan-st/sqlite-tui/internal/database/lock.go:49.46,51.34 1 0
github.com/johan-st/sqlite-tui/internal/database/lock.go:51.34,53.4 1 0
github.com/johan-st/sqlite-tui/internal/database/lock.go:54.3,58.4 1 0
github.com/johan-st/sqlite-tui/internal/database/lock.go:61.2,66.12 2 1
github.com/johan-st/sqlite-tui/internal/database/lock.go:70.57,74.46 3 1
github.com/johan-st/sqlite-tui/internal/database/lock.go:74.46,75.34 1 1
github.com/johan-st/sqlite-tui/internal/database/lock.go:75.34,77.4 1 1
github.com/johan-st/sqlite-tui/internal/database/lock.go:82.53,87.2 4 0
github.com/johan-st/sqlite-tui/internal/database/lock.go:90.61,93.46 3 0
github.com/johan-st/sqlite-tui/internal/database/lock.go:93.46,99.3 1 0
github.com/johan-st/sqlite-tui/internal/database/lock.go:100.2,100.12 1 0
github.com/johan-st/sqlite-tui/internal/database/lock.go:104.63,108.37 3 0
github.com/johan-st/sqlite-tui/internal/database/lock.go:108.37,109.34 1 0
github.com/johan-st/sqlite-tui/internal/database/lock.go:109.34,111.4 1 0
github.com/johan-st/sqlite-tui/internal/database/lock.go:116.57,121.29 4 0
github.com/johan-st/sqlite-tui/internal/database/lock.go:121.29,127.3 1 0
github.com/johan-st/sqlite-tui/internal/database/lock.go:128.2,128.15 1 0
github.com/johan-st/sqlite-tui/internal/database/lock.go:132.95,133.62 1 0
github.com/johan-st/sqlite-tui/internal/database/lock.go:133.62,135.3 1 0
github.com/johan-st/sqlite-tui/internal/database/lock.go:136.2,138.13 2 0
github.com/johan-st/sqlite-tui/internal/database/lock.go:143.44,145.2 1 0
github.com/johan-st/sqlite-tui/internal/database/lock.go:148.37,149.16 1 0
github.com/johan-st/sqlite-tui/internal/database/lock.go:149.16,151.3 1 0
github.com/johan-st/sqlite-tui/internal/database/lock.go:152.2,155.36 2 0
github.com/johan-st/sqlite-tui/internal/database/lock.go:158.38,160.2 1 0
github.com/johan-st/sqlite-tui/internal/database/lock.go:162.40,163.43 1 0
github.com/johan-st/sqlite-tui/internal/database/lock.go:163.43,164.35 1 0
github.com/johan-st/sqlite-tui/internal/database/lock.go:164.35,166.4 1 0
github.com/johan-st/sqlite-tui/internal/database/lock.go:168.2,168.14 1 0
github.com/johan-st/sqlite-tui/internal/database/manager.go:23.55,25.16 2 1
github.com/johan-st/sqlite-tui/internal/database/manager.go:25.16,27.3 1 0
github.com/johan-st/sqlite-tui/internal/database/manager.go:29.2,36.15 2 1
github.com/johan-st/sqlite-tui/internal/database/manager.go:40.33,42.2 1 1
github.com/johan-st/sqlite-tui/internal/database/manager.go:45.26,51.37 4 1
github.com/johan-st/sqlite-tui/internal/database/manager.go:51.37,53.3 1 1
github.com/johan-st/sqlite-tui/internal/database/manager.go:54.2,54.46 1 1
github.com/johan-st/sqlite-tui/internal/database/manager.go:58.45,60.2 1 0
github.com/johan-st/sqlite-tui/internal/database/manager.go:63.49,65.2 1 0
github.com/johan-st/sqlite-tui/internal/database/manager.go:68.61,72.2 3 0
github.com/johan-st/sqlite-tui/internal/database/manager.go:75.72,83.31 6 1
github.com/johan-st/sqlite-tui/internal/database/manager.go:83.31,85.22 2 1
github.com/johan-st/sqlite-tui/internal/database/manager.go:85.22,94.4 1 1
github.com/johan-st/sqlite-tui/internal/database/manager.go:97.2,97.15 1 1
github.com/johan-st/sqlite-tui/internal/database/manager.go:111.71,113.2 1 0
github.com/johan-st/sqlite-tui/internal/database/manager.go:116.90,118.15 2 1
github.com/johan-st/sqlite-tui/internal/database/manager.go:118.15,120.3 1 0
github.com/johan-st/sqlite-tui/internal/database/manager.go:122.2,126.50 4 1
github.com/johan-st/sqlite-tui/internal/database/manager.go:130.98,132.15 2 1
github.com/johan-st/sqlite-tui/internal/database/manager.go:132.15,134.3 1 1
github.com/johan-st/sqlite-tui/internal/database/manager.go:137.2,138.22 2 1
github.com/johan-st/sqlite-tui/internal/database/manager.go:138.22,140.3 1 0
github.com/johan-st/sqlite-tui/internal/database/manager.go:142.2,146.44 3 1
github.com/johan-st/sqlite-tui/internal/database/manager.go:146.44,148.3 1 1
github.com/johan-st/sqlite-tui/internal/database/manager.go:152.2,156.16 4 1
github.com/johan-st/sqlite-tui/internal/database/manager.go:156.16,158.3 1 0
github.com/johan-st/sqlite-tui/internal/database/manager.go:160.2,161.18 2 1
github.com/johan-st/sqlite-tui/internal/database/manager.go:165.61,167.15 2 0
github.com/johan-st/sqlite-tui/internal/database/manager.go:167.15,169.3 1 0
github.com/johan-st/sqlite-tui/internal/database/manager.go:171.2,174.44 3 0
github.com/johan-st/sqlite-tui/internal/database/manager.go:174.44,177.3 2 0
github.com/johan-st/sqlite-tui/internal/database/manager.go:179.2,179.12 1 0
github.com/johan-st/sqlite-tui/internal/database/manager.go:183.129,185.15 2 1
github.com/johan-st/sqlite-tui/internal/database/manager.go:185.15,187.3 1 1
github.com/johan-st/sqlite-tui/internal/database/manager.go:189.2,192.50 2 1
github.com/johan-st/sqlite-tui/internal/database/manager.go:192.50,194.3 1 1
github.com/johan-st/sqlite-tui/internal/database/manager.go:196.2,197.16 2 1
github.com/johan-st/sqlite-tui/internal/database/manager.go:197.16,199.3 1 0
github.com/johan-st/sqlite-tui/internal/database/manager.go:202.2,202.29 1 1
github.com/johan-st/sqlite-tui/internal/database/manager.go:202.29,203.87 1 1
github.com/johan-st/sqlite-tui/internal/database/manager.go:203.87,205.4 1 0
github.com/johan-st/sqlite-tui/internal/database/manager.go:206.3,206.49 1 1
github.com/johan-st/sqlite-tui/internal/database/manager.go:209.2,210.16 2 1
github.com/johan-st/sqlite-tui/internal/database/manager.go:210.16,212.26 1 0
github.com/johan-st/sqlite-tui/internal/database/manager.go:212.26,214.4 1 0
github.com/johan-st/sqlite-tui/internal/database/manager.go:215.3,215.18 1 0
github.com/johan-st/sqlite-tui/internal/database/manager.go:218.2,218.20 1 1
github.com/johan-st/sqlite-tui/internal/database/manager.go:222.96,224.15 2 0
github.com/johan-st/sqlite-tui/internal/database/manager.go:224.15,226.3 1 0
github.com/johan-st/sqlite-tui/internal/database/manager.go:228.2,229.26 2 0
github.com/johan-st/sqlite-tui/internal/database/manager.go:229.26,231.3 1 0
github.com/johan-st/sqlite-tui/internal/database/manager.go:234.2,235.16 2 0
github.com/johan-st/sqlite-tui/internal/database/manager.go:235.16,237.3 1 0
github.com/johan-st/sqlite-tui/internal/database/manager.go:238.2,241.12 3 0
github.com/johan-st/sqlite-tui/internal/database/manager.go:245.41,252.2 2 1
github.com/johan-st/sqlite-tui/internal/database/manager.go:254.35,257.102 2 1
github.com/johan-st/sqlite-tui/internal/database/manager.go:257.102,259.3 1 1
github.com/johan-st/sqlite-tui/internal/database/manager.go:260.2,261.18 2 1
github.com/johan-st/sqlite-tui/internal/database/manager.go:261.18,263.3 1 1
github.com/johan-st/sqlite-tui/internal/database/manager.go:264.2,265.31 2 1
github.com/johan-st/sqlite-tui/internal/database/manager.go:265.31,267.27 2 1
github.com/johan-st/sqlite-tui/internal/database/manager.go:267.27,269.4 1 1
github.com/johan-st/sqlite-tui/internal/database/manager.go:269.9,271.4 1 1
github.com/johan-st/sqlite-tui/internal/database/manager.go:273.2,273.23 1 1
github.com/johan-st/sqlite-tui/internal/database/manager.go:276.39,278.2 1 1
github.com/johan-st/sqlite-tui/internal/database/manager.go:281.35,283.2 1 0
github.com/johan-st/sqlite-tui/internal/database/manager.go:286.89,288.2 1 0
github.com/johan-st/sqlite-tui/internal/database/query.go:22.79,32.14 4 1
github.com/johan-st/sqlite-tui/internal/database/query.go:32.14,34.3 1 1
github.com/johan-st/sqlite-tui/internal/database/query.go:35.2,35.46 1 1
github.com/johan-st/sqlite-tui/internal/database/query.go:39.103,41.16 2 1
github.com/johan-st/sqlite-tui/internal/database/query.go:41.16,47.3 1 1
github.com/johan-st/sqlite-tui/internal/database/query.go:48.2,51.16 3 1
github.com/johan-st/sqlite-tui/internal/database/query.go:51.16,53.3 1 0
github.com/johan-st/sqlite-tui/internal/database/query.go:55.2,62.18 2 1
github.com/johan-st/sqlite-tui/internal/database/query.go:62.18,66.25 3 1
github.com/johan-st/sqlite-tui/internal/database/query.go:66.25,68.4 1 1
github.com/johan-st/sqlite-tui/internal/database/query.go:70.3,70.49 1 1
github.com/johan-st/sqlite-tui/internal/database/query.go:70.49,72.4 1 0
github.com/johan-st/sqlite-tui/internal/database/query.go:75.3,76.28 2 1
github.com/johan-st/sqlite-tui/internal/database/query.go:76.28,77.27 1 1
github.com/johan-st/sqlite-tui/internal/database/query.go:78.16,79.25 1 0
github.com/johan-st/sqlite-tui/internal/database/query.go:80.12,81.17 1 1
github.com/johan-st/sqlite-tui/internal/database/query.go:84.3,84.41 1 1
github.com/johan-st/sqlite-tui/internal/database/query.go:87.2,89.35 2 1
github.com/johan-st/sqlite-tui/internal/database/query.go:89.35,92.3 2 0
github.com/johan-st/sqlite-tui/internal/database/query.go:94.2,94.20 1 1
github.com/johan-st/sqlite-tui/internal/database/query.go:98.101,100.16 2 1
github.com/johan-st/sqlite-tui/internal/database/query.go:100.16,106.3 1 1
github.com/johan-st/sqlite-tui/internal/database/query.go:108.2,116.20 4 1
github.com/johan-st/sqlite-tui/internal/database/query.go:130.43,135.2 1 1
github.com/johan-st/sqlite-tui/internal/database/query.go:138.91,141.27 2 1
github.com/johan-st/sqlite-tui/internal/database/query.go:141.27,143.34 2 0
github.com/johan-st/sqlite-tui/internal/database/query.go:143.34,145.4 1 0
github.com/johan-st/sqlite-tui/internal/database/query.go:146.3,146.36 1 0
github.com/johan-st/sqlite-tui/internal/database/query.go:150.2,153.22 3 1
github.com/johan-st/sqlite-tui/internal/database/query.go:153.22,156.3 2 0
github.com/johan-st/sqlite-tui/internal/database/query.go:158.2,158.24 1 1
github.com/johan-st/sqlite-tui/internal/database/query.go:158.24,160.3 1 0
github.com/johan-st/sqlite-tui/internal/database/query.go:162.2,162.20 1 1
github.com/johan-st/sqlite-tui/internal/database/query.go:162.20,164.3 1 1
github.com/johan-st/sqlite-tui/internal/database/query.go:166.2,166.21 1 1
github.com/johan-st/sqlite-tui/internal/database/query.go:166.21,168.3 1 1
github.com/johan-st/sqlite-tui/internal/database/query.go:170.2,170.36 1 1
github.com/johan-st/sqlite-tui/internal/database/query.go:174.92,175.20 1 1
github.com/johan-st/sqlite-tui/internal/database/query.go:175.20,177.3 1 0
github.com/johan-st/sqlite-tui/internal/database/query.go:179.2,183.29 4 1
github.com/johan-st/sqlite-tui/internal/database/query.go:183.29,187.3 3 1
github.com/johan-st/sqlite-tui/internal/database/query.go:189.2,194.38 2 1
github.com/johan-st/sqlite-tui/internal/database/query.go:198.124,199.20 1 1
github.com/johan-st/sqlite-tui/internal/database/query.go:199.20,201.3 1 0
github.com/johan-st/sqlite-tui/internal/database/query.go:203.2,206.29 3 1
github.com/johan-st/sqlite-tui/internal/database/query.go:206.29,209.3 2 1
github.com/johan-st/sqlite-tui/internal/database/query.go:211.2,217.17 3 1
github.com/johan-st/sqlite-tui/internal/database/query.go:217.17,219.3 1 1
github.com/johan-st/sqlite-tui/internal/database/query.go:221.2,221.38 1 1
github.com/johan-st/sqlite-tui/internal/database/query.go:225.103,228.17 2 1
github.com/johan-st/sqlite-tui/internal/database/query.go:228.17,230.3 1 1
github.com/johan-st/sqlite-tui/internal/database/query.go:232.2,232.41 1 1
github.com/johan-st/sqlite-tui/internal/database/query.go:236.127,241.2 1 0
github.com/johan-st/sqlite-tui/internal/database/query.go:244.80,247.16 3 0
github.com/johan-st/sqlite-tui/internal/database/query.go:247.16,249.3 1 0
github.com/johan-st/sqlite-tui/internal/database/query.go:251.2,252.30 2 0
github.com/johan-st/sqlite-tui/internal/database/query.go:252.30,253.25 1 0
github.com/johan-st/sqlite-tui/internal/database/query.go:253.25,255.4 1 0
github.com/johan-st/sqlite-tui/internal/database/query.go:259.2,259.19 1 0
github.com/johan-st/sqlite-tui/internal/database/query.go:259.19,261.3 1 0
github.com/johan-st/sqlite-tui/internal/database/query.go:263.2,263.17 1 0
github.com/johan-st/sqlite-tui/internal/database/query.go:267.32,268.14 1 0
github.com/johan-st/sqlite-tui/internal/database/query.go:268.14,270.3 1 0
github.com/johan-st/sqlite-tui/internal/database/query.go:271.2,271.25 1 0
github.com/johan-st/sqlite-tui/internal/database/query.go:272.14,273.21 1 0
github.com/johan-st/sqlite-tui/internal/database/query.go:274.14,275.13 1 0
github.com/johan-st/sqlite-tui/internal/database/query.go:276.13,277.32 1 0
github.com/johan-st/sqlite-tui/internal/database/query.go:278.15,279.32 1 0
github.com/johan-st/sqlite-tui/internal/database/query.go:280.12,281.10 1 0
github.com/johan-st/sqlite-tui/internal/database/query.go:281.10,283.4 1 0
github.com/johan-st/sqlite-tui/internal/database/query.go:284.3,284.17 1 0
github.com/johan-st/sqlite-tui/internal/database/query.go:285.22,286.16 1 0
github.com/johan-st/sqlite-tui/internal/database/query.go:286.16,288.4 1 0
github.com/johan-st/sqlite-tui/internal/database/query.go:289.3,289.16 1 0
github.com/johan-st/sqlite-tui/internal/database/query.go:290.21,291.16 1 0
github.com/johan-st/sqlite-tui/internal/database/query.go:291.16,293.4 1 0
github.com/johan-st/sqlite-tui/internal/database/query.go:294.3,294.16 1 0
github.com/johan-st/sqlite-tui/internal/database/query.go:295.23,296.16 1 0
github.com/johan-st/sqlite-tui/internal/database/query.go:296.16,298.4 1 0
github.com/johan-st/sqlite-tui/internal/database/query.go:299.3,299.16 1 0
github.com/johan-st/sqlite-tui/internal/database/query.go:300.20,301.16 1 0
github.com/johan-st/sqlite-tui/internal/database/query.go:301.16,302.16 1 0
github.com/johan-st/sqlite-tui/internal/database/query.go:302.16,304.5 1 0
github.com/johan-st/sqlite-tui/internal/database/query.go:305.4,305.18 1 0
github.com/johan-st/sqlite-tui/internal/database/query.go:307.3,307.16 1 0
github.com/johan-st/sqlite-tui/internal/database/query.go:308.10,309.32 1 0
github.com/johan-st/sqlite-tui/internal/database/schema.go:51.42,53.2 1 1
github.com/johan-st/sqlite-tui/internal/database/schema.go:56.49,63.16 2 0
github.com/johan-st/sqlite-tui/internal/database/schema.go:63.16,65.3 1 0
github.com/johan-st/sqlite-tui/internal/database/schema.go:66.2,69.18 3 0
github.com/johan-st/sqlite-tui/internal/database/schema.go:69.18,71.42 2 0
github.com/johan-st/sqlite-tui/internal/database/schema.go:71.42,73.4 1 0
github.com/johan-st/sqlite-tui/internal/database/schema.go:74.3,74.32 1 0
github.com/johan-st/sqlite-tui/internal/database/schema.go:76.2,76.27 1 0
github.com/johan-st/sqlite-tui/internal/database/schema.go:80.69,87.16 3 0
github.com/johan-st/sqlite-tui/internal/database/schema.go:87.16,88.27 1 0
github.com/johan-st/sqlite-tui/internal/database/schema.go:88.27,90.4 1 0
github.com/johan-st/sqlite-tui/internal/database/schema.go:91.3,91.61 1 0
github.com/johan-st/sqlite-tui/internal/database/schema.go:94.2,101.16 3 0
github.com/johan-st/sqlite-tui/internal/database/schema.go:101.16,103.3 1 0
github.com/johan-st/sqlite-tui/internal/database/schema.go:104.2,107.30 2 0
github.com/johan-st/sqlite-tui/internal/database/schema.go:107.30,108.25 1 0
github.com/johan-st/sqlite-tui/internal/database/schema.go:108.25,110.4 1 0
github.com/johan-st/sqlite-tui/internal/database/schema.go:114.2,115.16 2 0
github.com/johan-st/sqlite-tui/internal/database/schema.go:115.16,117.3 1 0
github.com/johan-st/sqlite-tui/internal/database/schema.go:118.2,120.18 2 0
github.com/johan-st/sqlite-tui/internal/database/schema.go:124.69,126.16 2 0
github.com/johan-st/sqlite-tui/internal/database/schema.go:126.16,128.3 1 0
github.com/johan-st/sqlite-tui/internal/database/schema.go:129.2,132.18 3 0
github.com/johan-st/sqlite-tui/internal/database/schema.go:132.18,134.117 2 0
github.com/johan-st/sqlite-tui/internal/database/schema.go:134.117,136.4 1 0
github.com/johan-st/sqlite-tui/internal/database/schema.go:137.3,137.33 1 0
github.com/johan-st/sqlite-tui/internal/database/schema.go:139.2,139.28 1 0
github.com/johan-st/sqlite-tui/internal/database/schema.go:143.68,145.16 2 0
github.com/johan-st/sqlite-tui/internal/database/schema.go:145.16,147.3 1 0
github.com/johan-st/sqlite-tui/internal/database/schema.go:151.2,157.18 3 0
github.com/johan-st/sqlite-tui/internal/database/schema.go:157.18,163.76 6 0
github.com/johan-st/sqlite-tui/internal/database/schema.go:163.76,166.4 2 0
github.com/johan-st/sqlite-tui/internal/database/schema.go:167.3,167.68 1 0
github.com/johan-st/sqlite-tui/internal/database/schema.go:169.2,169.35 1 0
github.com/johan-st/sqlite-tui/internal/database/schema.go:169.35,172.3 2 0
github.com/johan-st/sqlite-tui/internal/database/schema.go:173.2,177.29 3 0
github.com/johan-st/sqlite-tui/internal/database/schema.go:177.29,179.17 2 0
github.com/johan-st/sqlite-tui/internal/database/schema.go:179.17,181.4 1 0
github.com/johan-st/sqlite-tui/internal/database/schema.go:183.3,184.22 2 0
github.com/johan-st/sqlite-tui/internal/database/schema.go:184.22,187.63 3 0
github.com/johan-st/sqlite-tui/internal/database/schema.go:187.63,190.5 2 0
github.com/johan-st/sqlite-tui/internal/database/schema.go:191.4,191.38 1 0
github.com/johan-st/sqlite-tui/internal/database/schema.go:193.3,199.5 2 0
github.com/johan-st/sqlite-tui/internal/database/schema.go:201.2,201.21 1 0
github.com/johan-st/sqlite-tui/internal/database/schema.go:205.77,207.16 2 0
github.com/johan-st/sqlite-tui/internal/database/schema.go:207.16,209.3 1 0
github.com/johan-st/sqlite-tui/internal/database/schema.go:210.2,213.18 3 0
github.com/johan-st/sqlite-tui/internal/database/schema.go:213.18,217.114 4 0
github.com/johan-st/sqlite-tui/internal/database/schema.go:217.114,219.4 1 0
github.com/johan-st/sqlite-tui/internal/database/schema.go:220.3,220.24 1 0
github.com/johan-st/sqlite-tui/internal/database/schema.go:222.2,222.24 1 0
github.com/johan-st/sqlite-tui/internal/database/schema.go:226.63,229.16 3 1
github.com/johan-st/sqlite-tui/internal/database/schema.go:229.16,231.3 1 0
github.com/johan-st/sqlite-tui/internal/database/schema.go:232.2,232.19 1 1
github.com/johan-st/sqlite-tui/internal/database/schema.go:236.62,242.16 3 1
github.com/johan-st/sqlite-tui/internal/database/schema.go:242.16,244.3 1 0
github.com/johan-st/sqlite-tui/internal/database/schema.go:245.2,245.23 1 1
github.com/johan-st/sqlite-tui/internal/database/schema.go:249.48,256.16 2 0
github.com/johan-st/sqlite-tui/internal/database/schema.go:256.16,258.3 1 0
github.com/johan-st/sqlite-tui/internal/database/schema.go:259.2,262.18 3 0
github.com/johan-st/sqlite-tui/internal/database/schema.go:262.18,264.42 2 0
github.com/johan-st/sqlite-tui/internal/database/schema.go:264.42,266.4 1 0
github.com/johan-st/sqlite-tui/internal/database/schema.go:267.3,267.30 1 0
github.com/johan-st/sqlite-tui/internal/database/schema.go:269.2,269.26 1 0
github.com/johan-st/sqlite-tui/internal/database/schema.go:273.42,275.2 1 1
github.com/johan-st/sqlite-tui/internal/cli/admin.go:12.52,13.25 1 0
github.com/johan-st/sqlite-tui/internal/cli/admin.go:13.25,15.3 1 0
github.com/johan-st/sqlite-tui/internal/cli/admin.go:18.2,18.24 1 0
github.com/johan-st/sqlite-tui/internal/cli/admin.go:18.24,22.3 3 0
github.com/johan-st/sqlite-tui/internal/cli/admin.go:24.2,25.23 2 0
github.com/johan-st/sqlite-tui/internal/cli/admin.go:25.23,29.3 3 0
github.com/johan-st/sqlite-tui/internal/cli/admin.go:31.2,34.22 3 0
github.com/johan-st/sqlite-tui/internal/cli/admin.go:34.22,36.30 2 0
github.com/johan-st/sqlite-tui/internal/cli/admin.go:36.30,44.4 1 0
github.com/johan-st/sqlite-tui/internal/cli/admin.go:45.3,46.9 2 0
github.com/johan-st/sqlite-tui/internal/cli/admin.go:49.2,49.24 1 0
github.com/johan-st/sqlite-tui/internal/cli/admin.go:49.24,52.3 2 0
github.com/johan-st/sqlite-tui/internal/cli/admin.go:54.2,55.29 2 0
github.com/johan-st/sqlite-tui/internal/cli/admin.go:55.29,62.3 1 0
github.com/johan-st/sqlite-tui/internal/cli/admin.go:66.51,67.25 1 0
github.com/johan-st/sqlite-tui/internal/cli/admin.go:67.25,69.3 1 0
github.com/johan-st/sqlite-tui/internal/cli/admin.go:71.2,71.27 1 0
github.com/johan-st/sqlite-tui/internal/cli/admin.go:71.27,75.3 3 0
github.com/johan-st/sqlite-tui/internal/cli/admin.go:77.2,78.40 2 0
github.com/johan-st/sqlite-tui/internal/cli/admin.go:78.40,79.44 1 0
github.com/johan-st/sqlite-tui/internal/cli/admin.go:79.44,81.4 1 0
github.com/johan-st/sqlite-tui/internal/cli/admin.go:84.2,85.16 2 0
github.com/johan-st/sqlite-tui/internal/cli/admin.go:85.16,89.3 3 0
github.com/johan-st/sqlite-tui/internal/cli/admin.go:91.2,92.22 2 0
github.com/johan-st/sqlite-tui/internal/cli/admin.go:92.22,95.3 2 0
github.com/johan-st/sqlite-tui/internal/cli/admin.go:97.2,97.23 1 0
github.com/johan-st/sqlite-tui/internal/cli/admin.go:97.23,100.3 2 0
github.com/johan-st/sqlite-tui/internal/cli/admin.go:102.2,103.28 2 0
github.com/johan-st/sqlite-tui/internal/cli/admin.go:103.28,105.22 2 0
github.com/johan-st/sqlite-tui/internal/cli/admin.go:105.22,107.4 1 0
github.com/johan-st/sqlite-tui/internal/cli/admin.go:108.3,112.10 1 0
github.com/johan-st/sqlite-tui/internal/cli/admin.go:117.49,118.25 1 0
github.com/johan-st/sqlite-tui/internal/cli/admin.go:118.25,120.3 1 0
github.com/johan-st/sqlite-tui/internal/cli/admin.go:122.2,122.27 1 0
github.com/johan-st/sqlite-tui/internal/cli/admin.go:122.27,126.3 3 0
github.com/johan-st/sqlite-tui/internal/cli/admin.go:128.2,129.40 2 0
github.com/johan-st/sqlite-tui/internal/cli/admin.go:129.40,130.44 1 0
github.com/johan-st/sqlite-tui/internal/cli/admin.go:130.44,132.4 1 0
github.com/johan-st/sqlite-tui/internal/cli/admin.go:135.2,136.16 2 0
github.com/johan-st/sqlite-tui/internal/cli/admin.go:136.16,140.3 3 0
github.com/johan-st/sqlite-tui/internal/cli/admin.go:142.2,143.22 2 0
github.com/johan-st/sqlite-tui/internal/cli/admin.go:143.22,146.3 2 0
github.com/johan-st/sqlite-tui/internal/cli/admin.go:148.2,148.23 1 0
github.com/johan-st/sqlite-tui/internal/cli/admin.go:148.23,151.3 2 0
github.com/johan-st/sqlite-tui/internal/cli/admin.go:153.2,154.28 2 0
github.com/johan-st/sqlite-tui/internal/cli/admin.go:154.28,156.24 2 0
github.com/johan-st/sqlite-tui/internal/cli/admin.go:156.24,158.4 1 0
github.com/johan-st/sqlite-tui/internal/cli/admin.go:159.3,164.12 1 0
github.com/johan-st/sqlite-tui/internal/cli/admin.go:169.56,170.25 1 0
github.com/johan-st/sqlite-tui/internal/cli/admin.go:170.25,172.3 1 0
github.com/johan-st/sqlite-tui/internal/cli/admin.go:175.2,175.24 1 0
github.com/johan-st/sqlite-tui/internal/cli/admin.go:175.24,179.3 3 0
github.com/johan-st/sqlite-tui/internal/cli/admin.go:183.2,184.75 2 0
github.com/johan-st/sqlite-tui/internal/cli/admin.go:188.45,189.21 1 0
github.com/johan-st/sqlite-tui/internal/cli/admin.go:189.21,191.3 1 0
github.com/johan-st/sqlite-tui/internal/cli/admin.go:192.2,192.19 1 0
github.com/johan-st/sqlite-tui/internal/cli/admin.go:192.19,194.3 1 0
github.com/johan-st/sqlite-tui/internal/cli/admin.go:195.2,195.67 1 0
github.com/johan-st/sqlite-tui/internal/cli/cli.go:24.100,30.2 1 1
github.com/johan-st/sqlite-tui/internal/cli/cli.go:41.97,48.2 1 0
github.com/johan-st/sqlite-tui/internal/cli/cli.go:51.57,52.25 1 0
github.com/johan-st/sqlite-tui/internal/cli/cli.go:52.25,55.3 2 0
github.com/johan-st/sqlite-tui/internal/cli/cli.go:58.2,72.23 3 0
github.com/johan-st/sqlite-tui/internal/cli/cli.go:72.23,74.3 1 0
github.com/johan-st/sqlite-tui/internal/cli/cli.go:75.2,75.12 1 0
github.com/johan-st/sqlite-tui/internal/cli/cli.go:79.41,81.19 2 0
github.com/johan-st/sqlite-tui/internal/cli/cli.go:81.19,84.3 2 0
github.com/johan-st/sqlite-tui/internal/cli/cli.go:87.2,104.23 5 0
github.com/johan-st/sqlite-tui/internal/cli/cli.go:104.23,106.3 1 0
github.com/johan-st/sqlite-tui/internal/cli/cli.go:110.65,111.13 1 1
github.com/johan-st/sqlite-tui/internal/cli/cli.go:113.20,114.17 1 0
github.com/johan-st/sqlite-tui/internal/cli/cli.go:115.14,116.17 1 0
github.com/johan-st/sqlite-tui/internal/cli/cli.go:117.16,118.19 1 1
github.com/johan-st/sqlite-tui/internal/cli/cli.go:119.16,120.19 1 1
[...]
github.com/johan-st/sqlite-tui/internal/cli/database.go:69.2,71.26 3 0
github.com/johan-st/sqlite-tui/internal/cli/database.go:71.26,73.3 1 0
github.com/johan-st/sqlite-tui/internal/cli/database.go:74.2,79.16 4 0
github.com/johan-st/sqlite-tui/internal/cli/database.go:79.16,82.17 3 0
github.com/johan-st/sqlite-tui/internal/cli/database.go:82.17,84.4 1 0
github.com/johan-st/sqlite-tui/internal/cli/database.go:89.50,91.9 2 1
github.com/johan-st/sqlite-tui/internal/cli/database.go:91.9,93.3 1 0
github.com/johan-st/sqlite-tui/internal/cli/database.go:95.2,95.30 1 1
github.com/johan-st/sqlite-tui/internal/cli/database.go:95.30,97.3 1 0
github.com/johan-st/sqlite-tui/internal/cli/database.go:99.2,100.16 2 1
github.com/johan-st/sqlite-tui/internal/cli/database.go:100.16,104.3 3 0
github.com/johan-st/sqlite-tui/internal/cli/database.go:106.2,108.16 3 1
github.com/johan-st/sqlite-tui/internal/cli/database.go:108.16,112.3 3 0
github.com/johan-st/sqlite-tui/internal/cli/database.go:114.2,115.22 2 1
github.com/johan-st/sqlite-tui/internal/cli/database.go:115.22,117.32 2 0
github.com/johan-st/sqlite-tui/internal/cli/database.go:117.32,119.19 2 0
github.com/johan-st/sqlite-tui/internal/cli/database.go:119.19,125.5 1 0
github.com/johan-st/sqlite-tui/internal/cli/database.go:127.3,128.9 2 0
github.com/johan-st/sqlite-tui/internal/cli/database.go:131.2,131.22 1 1
github.com/johan-st/sqlite-tui/internal/cli/database.go:131.22,134.3 2 0
github.com/johan-st/sqlite-tui/internal/cli/database.go:136.2,137.31 2 1
github.com/johan-st/sqlite-tui/internal/cli/database.go:137.31,139.17 2 1
github.com/johan-st/sqlite-tui/internal/cli/database.go:139.17,141.12 2 0
github.com/johan-st/sqlite-tui/internal/cli/database.go:143.3,143.84 1 1
github.com/johan-st/sqlite-tui/internal/cli/database.go:148.50,150.19 2 1
github.com/johan-st/sqlite-tui/internal/cli/database.go:150.19,154.3 3 0
github.com/johan-st/sqlite-tui/internal/cli/database.go:156.2,159.30 3 1
github.com/johan-st/sqlite-tui/internal/cli/database.go:159.30,161.3 1 0
github.com/johan-st/sqlite-tui/internal/cli/database.go:163.2,164.16 2 1
github.com/johan-st/sqlite-tui/internal/cli/database.go:164.16,168.3 3 0
github.com/johan-st/sqlite-tui/internal/cli/database.go:170.2,172.16 3 1
github.com/johan-st/sqlite-tui/internal/cli/database.go:172.16,176.3 3 0
github.com/johan-st/sqlite-tui/internal/cli/database.go:178.2,179.22 2 1
github.com/johan-st/sqlite-tui/internal/cli/database.go:179.22,198.3 7 0
github.com/johan-st/sqlite-tui/internal/cli/database.go:200.2,205.35 5 1
github.com/johan-st/sqlite-tui/internal/cli/database.go:205.35,207.18 2 1
github.com/johan-st/sqlite-tui/internal/cli/database.go:207.18,209.4 1 1
github.com/johan-st/sqlite-tui/internal/cli/database.go:210.3,211.29 2 1
github.com/johan-st/sqlite-tui/internal/cli/database.go:211.29,213.4 1 1
github.com/johan-st/sqlite-tui/internal/cli/database.go:214.3,215.25 2 1
github.com/johan-st/sqlite-tui/internal/cli/database.go:215.25,217.4 1 1
github.com/johan-st/sqlite-tui/internal/cli/database.go:218.3,219.49 1 1
github.com/johan-st/sqlite-tui/internal/cli/database.go:223.2,224.36 2 1
github.com/johan-st/sqlite-tui/internal/cli/database.go:224.36,227.31 3 1
github.com/johan-st/sqlite-tui/internal/cli/database.go:227.31,229.18 2 1
github.com/johan-st/sqlite-tui/internal/cli/database.go:229.18,231.5 1 1
github.com/johan-st/sqlite-tui/internal/cli/database.go:232.4,233.54 1 1
github.com/johan-st/sqlite-tui/internal/cli/database.go:238.2,239.32 2 1
github.com/johan-st/sqlite-tui/internal/cli/database.go:239.32,242.26 3 0
github.com/johan-st/sqlite-tui/internal/cli/database.go:242.26,245.4 1 0
github.com/johan-st/sqlite-tui/internal/cli/database.go:248.2,248.20 1 1
github.com/johan-st/sqlite-tui/internal/cli/database.go:248.20,250.3 1 1
github.com/johan-st/sqlite-tui/internal/cli/database.go:253.52,254.20 1 1
github.com/johan-st/sqlite-tui/internal/cli/database.go:254.20,256.3 1 0
github.com/johan-st/sqlite-tui/internal/cli/database.go:257.2,258.33 2 1
github.com/johan-st/sqlite-tui/internal/cli/database.go:258.33,260.3 1 0
github.com/johan-st/sqlite-tui/internal/cli/database.go:261.2,261.15 1 1
github.com/johan-st/sqlite-tui/internal/cli/database.go:265.40,267.2 1 0
github.com/johan-st/sqlite-tui/internal/cli/export.go:10.50,12.19 2 0
github.com/johan-st/sqlite-tui/internal/cli/export.go:12.19,16.3 3 0
github.com/johan-st/sqlite-tui/internal/cli/export.go:18.2,21.30 3 0
github.com/johan-st/sqlite-tui/internal/cli/export.go:21.30,23.3 1 0
github.com/johan-st/sqlite-tui/internal/cli/export.go:25.2,26.16 2 0
github.com/johan-st/sqlite-tui/internal/cli/export.go:26.16,30.3 3 0
github.com/johan-st/sqlite-tui/internal/cli/export.go:33.2,34.48 2 0
github.com/johan-st/sqlite-tui/internal/cli/export.go:34.48,36.3 1 0
github.com/johan-st/sqlite-tui/internal/cli/export.go:38.2,39.16 2 0
github.com/johan-st/sqlite-tui/internal/cli/export.go:39.16,43.3 3 0
github.com/johan-st/sqlite-tui/internal/cli/export.go:45.2,46.18 2 0
github.com/johan-st/sqlite-tui/internal/cli/export.go:46.18,48.3 1 0
github.com/johan-st/sqlite-tui/internal/cli/export.go:50.2,50.16 1 0
github.com/johan-st/sqlite-tui/internal/cli/export.go:51.14,53.35 2 0
github.com/johan-st/sqlite-tui/internal/cli/export.go:53.35,55.39 2 0
github.com/johan-st/sqlite-tui/internal/cli/export.go:55.39,56.21 1 0
github.com/johan-st/sqlite-tui/internal/cli/export.go:56.21,58.6 1 0
github.com/johan-st/sqlite-tui/internal/cli/export.go:60.4,60.26 1 0
github.com/johan-st/sqlite-tui/internal/cli/export.go:62.3,62.27 1 0
github.com/johan-st/sqlite-tui/internal/cli/export.go:64.13,66.35 2 0
github.com/johan-st/sqlite-tui/internal/cli/export.go:66.35,68.26 2 0
github.com/johan-st/sqlite-tui/internal/cli/export.go:68.26,70.5 1 0
github.com/johan-st/sqlite-tui/internal/cli/export.go:72.3,72.45 1 0
github.com/johan-st/sqlite-tui/internal/cli/export.go:74.10,76.14 2 0
github.com/johan-st/sqlite-tui/internal/cli/export.go:81.52,83.19 2 0
github.com/johan-st/sqlite-tui/internal/cli/export.go:83.19,87.3 3 0
github.com/johan-st/sqlite-tui/internal/cli/export.go:89.2,91.30 2 0
github.com/johan-st/sqlite-tui/internal/cli/export.go:91.30,93.3 1 0
github.com/johan-st/sqlite-tui/internal/cli/export.go:95.2,95.78 1 0
github.com/johan-st/sqlite-tui/internal/cli/export.go:95.78,99.3 3 0
github.com/johan-st/sqlite-tui/internal/cli/query.go:11.49,13.19 2 1
github.com/johan-st/sqlite-tui/internal/cli/query.go:13.19,17.3 3 0
github.com/johan-st/sqlite-tui/internal/cli/query.go:19.2,22.30 3 1
github.com/johan-st/sqlite-tui/internal/cli/query.go:22.30,24.3 1 0
github.com/johan-st/sqlite-tui/internal/cli/query.go:27.2,27.56 1 1
github.com/johan-st/sqlite-tui/internal/cli/query.go:27.56,29.3 1 1
github.com/johan-st/sqlite-tui/internal/cli/query.go:31.2,32.16 2 1
github.com/johan-st/sqlite-tui/internal/cli/query.go:32.16,36.3 3 0
github.com/johan-st/sqlite-tui/internal/cli/query.go:38.2,39.40 2 1
github.com/johan-st/sqlite-tui/internal/cli/query.go:43.50,45.19 2 1
github.com/johan-st/sqlite-tui/internal/cli/query.go:45.19,49.3 3 0
github.com/johan-st/sqlite-tui/internal/cli/query.go:51.2,54.30 3 1
github.com/johan-st/sqlite-tui/internal/cli/query.go:54.30,56.3 1 1
github.com/johan-st/sqlite-tui/internal/cli/query.go:58.2,59.16 2 1
github.com/johan-st/sqlite-tui/internal/cli/query.go:59.16,63.3 3 0
github.com/johan-st/sqlite-tui/internal/cli/query.go:65.2,67.48 2 1
github.com/johan-st/sqlite-tui/internal/cli/query.go:67.48,69.3 1 0
github.com/johan-st/sqlite-tui/internal/cli/query.go:70.2,70.48 1 1
github.com/johan-st/sqlite-tui/internal/cli/query.go:70.48,72.3 1 0
github.com/johan-st/sqlite-tui/internal/cli/query.go:73.2,73.48 1 1
github.com/johan-st/sqlite-tui/internal/cli/query.go:73.48,74.48 1 0
github.com/johan-st/sqlite-tui/internal/cli/query.go:74.48,76.4 1 0
github.com/johan-st/sqlite-tui/internal/cli/query.go:78.2,78.51 1 1
github.com/johan-st/sqlite-tui/internal/cli/query.go:78.51,79.49 1 0
github.com/johan-st/sqlite-tui/internal/cli/query.go:79.49,81.4 1 0
github.com/johan-st/sqlite-tui/internal/cli/query.go:84.2,85.16 2 1
github.com/johan-st/sqlite-tui/internal/cli/query.go:85.16,89.3 3 0
github.com/johan-st/sqlite-tui/internal/cli/query.go:91.2,92.40 2 1
github.com/johan-st/sqlite-tui/internal/cli/query.go:96.49,98.19 2 1
github.com/johan-st/sqlite-tui/internal/cli/query.go:98.19,102.3 3 0
github.com/johan-st/sqlite-tui/internal/cli/query.go:104.2,107.30 3 1
github.com/johan-st/sqlite-tui/internal/cli/query.go:107.30,109.3 1 0
github.com/johan-st/sqlite-tui/internal/cli/query.go:111.2,112.16 2 1
github.com/johan-st/sqlite-tui/internal/cli/query.go:112.16,116.3 3 0
github.com/johan-st/sqlite-tui/internal/cli/query.go:118.2,120.17 3 1
github.com/johan-st/sqlite-tui/internal/cli/query.go:120.17,122.3 1 0
github.com/johan-st/sqlite-tui/internal/cli/query.go:122.8,124.3 1 1
github.com/johan-st/sqlite-tui/internal/cli/query.go:126.2,127.16 2 1
github.com/johan-st/sqlite-tui/internal/cli/query.go:127.16,131.3 3 0
github.com/johan-st/sqlite-tui/internal/cli/query.go:134.2,134.53 1 1
github.com/johan-st/sqlite-tui/internal/cli/query.go:134.53,136.23 2 1
github.com/johan-st/sqlite-tui/internal/cli/query.go:136.23,138.4 1 1
github.com/johan-st/sqlite-tui/internal/cli/query.go:138.9,140.4 1 1
github.com/johan-st/sqlite-tui/internal/cli/query.go:145.90,146.16 1 1
github.com/johan-st/sqlite-tui/internal/cli/query.go:147.14,150.35 2 1
github.com/johan-st/sqlite-tui/internal/cli/query.go:150.35,152.39 2 1
github.com/johan-st/sqlite-tui/internal/cli/query.go:152.39,153.21 1 1
github.com/johan-st/sqlite-tui/internal/cli/query.go:153.21,155.6 1 1
github.com/johan-st/sqlite-tui/internal/cli/query.go:157.4,157.26 1 1
github.com/johan-st/sqlite-tui/internal/cli/query.go:159.3,159.27 1 1
github.com/johan-st/sqlite-tui/internal/cli/query.go:161.13,164.35 2 0
github.com/johan-st/sqlite-tui/internal/cli/query.go:164.35,166.26 2 0
github.com/johan-st/sqlite-tui/internal/cli/query.go:166.26,168.5 1 0
github.com/johan-st/sqlite-tui/internal/cli/query.go:170.3,170.45 1 0
github.com/johan-st/sqlite-tui/internal/cli/query.go:172.10,174.31 1 1
github.com/johan-st/sqlite-tui/internal/cli/query.go:174.31,175.31 1 0
github.com/johan-st/sqlite-tui/internal/cli/query.go:175.31,177.5 1 0
github.com/johan-st/sqlite-tui/internal/cli/query.go:178.4,178.10 1 0
github.com/johan-st/sqlite-tui/internal/cli/query.go:182.3,182.38 1 1
github.com/johan-st/sqlite-tui/internal/cli/query.go:182.38,183.13 1 1
github.com/johan-st/sqlite-tui/internal/cli/query.go:183.13,185.5 1 1
github.com/johan-st/sqlite-tui/internal/cli/query.go:186.4,186.28 1 1
github.com/johan-st/sqlite-tui/internal/cli/query.go:188.3,191.35 2 1
github.com/johan-st/sqlite-tui/internal/cli/query.go:191.35,192.26 1 1
github.com/johan-st/sqlite-tui/internal/cli/query.go:192.26,193.14 1 1
github.com/johan-st/sqlite-tui/internal/cli/query.go:193.14,195.6 1 1
github.com/johan-st/sqlite-tui/internal/cli/query.go:196.5,196.49 1 1
github.com/johan-st/sqlite-tui/internal/cli/query.go:198.4,198.25 1 1
github.com/johan-st/sqlite-tui/internal/cli/query.go:204.38,205.13 1 0
github.com/johan-st/sqlite-tui/internal/cli/query.go:205.13,207.3 1 0
github.com/johan-st/sqlite-tui/internal/cli/query.go:208.2,209.38 2 0
github.com/johan-st/sqlite-tui/internal/cli/query.go:209.38,210.14 1 0
github.com/johan-st/sqlite-tui/internal/cli/query.go:210.14,212.4 1 0
github.com/johan-st/sqlite-tui/internal/cli/query.go:214.2,214.13 1 0
github.com/johan-st/sqlite-tui/internal/cli/query.go:218.40,220.34 2 0
github.com/johan-st/sqlite-tui/internal/cli/query.go:220.34,222.14 2 0
github.com/johan-st/sqlite-tui/internal/cli/query.go:222.14,224.4 1 0
github.com/johan-st/sqlite-tui/internal/cli/query.go:226.2,226.14 1 0
github.com/johan-st/sqlite-tui/internal/cli/query.go:229.36,232.40 3 0
github.com/johan-st/sqlite-tui/internal/cli/query.go:232.40,233.29 1 0
github.com/johan-st/sqlite-tui/internal/cli/query.go:233.29,236.4 2 0
github.com/johan-st/sqlite-tui/internal/cli/query.go:238.2,239.15 2 0
github.com/johan-st/sqlite-tui/internal/cli/query.go:242.28,245.59 3 1
github.com/johan-st/sqlite-tui/internal/cli/query.go:245.59,247.3 1 0
github.com/johan-st/sqlite-tui/internal/cli/query.go:248.2,248.59 1 1
github.com/johan-st/sqlite-tui/internal/cli/query.go:248.59,250.3 1 0
github.com/johan-st/sqlite-tui/internal/cli/query.go:251.2,251.21 1 1
github.com/johan-st/sqlite-tui/internal/cli/query.go:255.42,258.25 2 1
github.com/johan-st/sqlite-tui/internal/cli/query.go:258.25,259.15 1 1
github.com/johan-st/sqlite-tui/internal/cli/query.go:259.15,261.4 1 0
github.com/johan-st/sqlite-tui/internal/cli/query.go:261.9,263.4 1 1
github.com/johan-st/sqlite-tui/internal/cli/query.go:265.2,265.28 1 1
github.com/johan-st/sqlite-tui/internal/cli/query.go:269.41,275.2 2 1
github.com/johan-st/sqlite-tui/internal/cli/query.go:277.31,279.30 2 1
github.com/johan-st/sqlite-tui/internal/cli/query.go:279.30,281.27 2 1
github.com/johan-st/sqlite-tui/internal/cli/query.go:281.27,283.4 1 1
github.com/johan-st/sqlite-tui/internal/cli/query.go:283.9,285.4 1 1
github.com/johan-st/sqlite-tui/internal/cli/query.go:287.2,287.18 1 1
github.com/johan-st/sqlite-tui/internal/cli/query.go:290.39,292.2 1 1
github.com/johan-st/sqlite-tui/internal/cli/schema_cmd.go:9.55,11.19 2 0
github.com/johan-st/sqlite-tui/internal/cli/schema_cmd.go:11.19,16.3 4 0
github.com/johan-st/sqlite-tui/internal/cli/schema_cmd.go:18.2,21.31 3 0
github.com/johan-st/sqlite-tui/internal/cli/schema_cmd.go:21.31,23.3 1 0
github.com/johan-st/sqlite-tui/internal/cli/schema_cmd.go:25.2,29.18 4 0
github.com/johan-st/sqlite-tui/internal/cli/schema_cmd.go:29.18,31.3 1 0
github.com/johan-st/sqlite-tui/internal/cli/schema_cmd.go:31.8,31.26 1 0
github.com/johan-st/sqlite-tui/internal/cli/schema_cmd.go:31.26,33.3 1 0
github.com/johan-st/sqlite-tui/internal/cli/schema_cmd.go:33.8,37.3 3 0
github.com/johan-st/sqlite-tui/internal/cli/schema_cmd.go:39.2,40.16 2 0
github.com/johan-st/sqlite-tui/internal/cli/schema_cmd.go:40.16,44.3 3 0
github.com/johan-st/sqlite-tui/internal/cli/schema_cmd.go:46.2,47.22 2 0
github.com/johan-st/sqlite-tui/internal/cli/schema_cmd.go:47.22,49.3 1 0
github.com/johan-st/sqlite-tui/internal/cli/schema_cmd.go:49.8,51.3 1 0
github.com/johan-st/sqlite-tui/internal/cli/schema_cmd.go:54.2,54.27 1 0
github.com/johan-st/sqlite-tui/internal/cli/schema_cmd.go:54.27,56.3 1 0
github.com/johan-st/sqlite-tui/internal/cli/schema_cmd.go:60.53,62.19 2 0
github.com/johan-st/sqlite-tui/internal/cli/schema_cmd.go:62.19,66.3 3 0
github.com/johan-st/sqlite-tui/internal/cli/schema_cmd.go:68.2,73.31 5 0
github.com/johan-st/sqlite-tui/internal/cli/schema_cmd.go:73.31,75.3 1 0
github.com/johan-st/sqlite-tui/internal/cli/schema_cmd.go:77.2,82.28 2 0
github.com/johan-st/sqlite-tui/internal/cli/schema_cmd.go:82.28,84.3 1 0
github.com/johan-st/sqlite-tui/internal/cli/schema_cmd.go:85.2,85.60 1 0
github.com/johan-st/sqlite-tui/internal/cli/schema_cmd.go:85.60,87.3 1 0
github.com/johan-st/sqlite-tui/internal/cli/schema_cmd.go:89.2,90.16 2 0
github.com/johan-st/sqlite-tui/internal/cli/schema_cmd.go:90.16,94.3 3 0
github.com/johan-st/sqlite-tui/internal/cli/schema_cmd.go:96.2,97.22 2 0
github.com/johan-st/sqlite-tui/internal/cli/schema_cmd.go:97.22,99.3 1 0
github.com/johan-st/sqlite-tui/internal/cli/schema_cmd.go:99.8,101.3 1 0
github.com/johan-st/sqlite-tui/internal/cli/schema_cmd.go:104.2,104.27 1 0
github.com/johan-st/sqlite-tui/internal/cli/schema_cmd.go:104.27,106.3 1 0
github.com/johan-st/sqlite-tui/internal/cli/schema_cmd.go:110.53,112.19 2 1
github.com/johan-st/sqlite-tui/internal/cli/schema_cmd.go:112.19,116.3 3 0
github.com/johan-st/sqlite-tui/internal/cli/schema_cmd.go:118.2,121.31 3 1
github.com/johan-st/sqlite-tui/internal/cli/schema_cmd.go:121.31,123.3 1 1
github.com/johan-st/sqlite-tui/internal/cli/schema_cmd.go:125.2,125.29 1 1
github.com/johan-st/sqlite-tui/internal/cli/schema_cmd.go:125.29,130.3 4 1
github.com/johan-st/sqlite-tui/internal/cli/schema_cmd.go:132.2,135.16 3 0
github.com/johan-st/sqlite-tui/internal/cli/schema_cmd.go:135.16,139.3 3 0
github.com/johan-st/sqlite-tui/internal/cli/schema_cmd.go:141.2,142.22 2 0
github.com/johan-st/sqlite-tui/internal/cli/schema_cmd.go:142.22,144.3 1 0
github.com/johan-st/sqlite-tui/internal/cli/schema_cmd.go:144.8,146.3 1 0
github.com/johan-st/sqlite-tui/internal/cli/schema_cmd.go:149.2,149.27 1 0
github.com/johan-st/sqlite-tui/internal/cli/schema_cmd.go:149.27,151.3 1 0
github.com/johan-st/sqlite-tui/internal/cli/schema_cmd.go:156.60,159.46 2 0
github.com/johan-st/sqlite-tui/internal/cli/schema_cmd.go:159.46,161.21 2 0
github.com/johan-st/sqlite-tui/internal/cli/schema_cmd.go:161.21,162.12 1 0
github.com/johan-st/sqlite-tui/internal/cli/schema_cmd.go:165.3,170.35 4 0
github.com/johan-st/sqlite-tui/internal/cli/schema_cmd.go:170.35,172.11 2 0
github.com/johan-st/sqlite-tui/internal/cli/schema_cmd.go:173.21,174.26 1 0
github.com/johan-st/sqlite-tui/internal/cli/schema_cmd.go:175.26,176.23 1 0
github.com/johan-st/sqlite-tui/internal/cli/schema_cmd.go:177.25,178.21 1 0
github.com/johan-st/sqlite-tui/internal/cli/schema_cmd.go:179.44,180.33 1 0
github.com/johan-st/sqlite-tui/internal/cli/schema_cmd.go:184.3,184.33 1 0
github.com/johan-st/sqlite-tui/internal/cli/schema_cmd.go:187.2,187.101 1 0
github.com/johan-st/sqlite-tui/internal/cli/util.go:10.50,11.21 1 0
github.com/johan-st/sqlite-tui/internal/cli/util.go:11.21,14.3 2 0
github.com/johan-st/sqlite-tui/internal/cli/util.go:16.2,17.22 2 0
github.com/johan-st/sqlite-tui/internal/cli/util.go:17.22,24.33 2 0
github.com/johan-st/sqlite-tui/internal/cli/util.go:24.33,26.4 1 0
github.com/johan-st/sqlite-tui/internal/cli/util.go:27.3,28.9 2 0
github.com/johan-st/sqlite-tui/internal/cli/util.go:31.2,34.32 4 0
github.com/johan-st/sqlite-tui/internal/cli/util.go:34.32,36.3 1 0
github.com/johan-st/sqlite-tui/internal/cli/util.go:37.2,37.60 1 0
github.com/johan-st/sqlite-tui/internal/cli/util.go:41.48,44.19 2 1
github.com/johan-st/sqlite-tui/internal/cli/util.go:44.19,47.3 2 0
github.com/johan-st/sqlite-tui/internal/cli/util.go:49.2,96.64 1 1
github.com/johan-st/sqlite-tui/internal/cli/util.go:100.72,197.32 2 0
github.com/johan-st/sqlite-tui/internal/cli/util.go:197.32,199.3 1 0
github.com/johan-st/sqlite-tui/internal/cli/util.go:199.8,201.3 1 0
github.com/johan-st/sqlite-tui/internal/cli/util.go:205.51,207.22 2 1
github.com/johan-st/sqlite-tui/internal/cli/util.go:207.22,210.3 2 0
github.com/johan-st/sqlite-tui/internal/cli/util.go:211.2,211.52 1 1
github.com/johan-st/sqlite-tui/internal/cli/util.go:215.36,219.2 3 1
github.com/johan-st/sqlite-tui/internal/cli/util.go:222.63,224.28 1 0
github.com/johan-st/sqlite-tui/internal/cli/util.go:224.28,225.12 1 0
github.com/johan-st/sqlite-tui/internal/cli/util.go:225.12,227.4 1 0
github.com/johan-st/sqlite-tui/internal/cli/util.go:228.3,228.30 1 0
github.com/johan-st/sqlite-tui/internal/cli/util.go:230.2,233.27 2 0
github.com/johan-st/sqlite-tui/internal/cli/util.go:233.27,234.27 1 0
github.com/johan-st/sqlite-tui/internal/cli/util.go:234.27,235.13 1 0
github.com/johan-st/sqlite-tui/internal/cli/util.go:235.13,237.5 1 0
github.com/johan-st/sqlite-tui/internal/cli/util.go:238.4,238.33 1 0
github.com/johan-st/sqlite-tui/internal/cli/util.go:240.3,240.18 1 0
github.com/johan-st/sqlite-tui/internal/cli/util.go:245.33,247.22 2 0
github.com/johan-st/sqlite-tui/internal/cli/util.go:247.22,248.53 1 0
github.com/johan-st/sqlite-tui/internal/cli/util.go:248.53,250.9 2 0
github.com/johan-st/sqlite-tui/internal/cli/util.go:253.2,253.18 1 0
github.com/johan-st/sqlite-tui/internal/cli/util.go:253.18,255.3 1 0
github.com/johan-st/sqlite-tui/internal/cli/util.go:257.2,258.22 2 0
github.com/johan-st/sqlite-tui/internal/cli/util.go:258.22,259.15 1 0
github.com/johan-st/sqlite-tui/internal/cli/util.go:259.15,261.4 1 0
github.com/johan-st/sqlite-tui/internal/cli/util.go:261.9,263.4 1 0
github.com/johan-st/sqlite-tui/internal/cli/util.go:265.2,265.30 1 0
